{"/home/travis/build/npmtest/node-npmtest-highland/test.js":{"path":"/home/travis/build/npmtest/node-npmtest-highland/test.js","s":{"1":2,"2":2,"3":2,"4":2,"5":2,"6":2,"7":2,"8":1,"9":2,"10":2,"11":1,"12":1,"13":1,"14":1,"15":2,"16":2,"17":2,"18":2,"19":1,"20":1,"21":2,"22":2,"23":2,"24":1,"25":1,"26":1,"27":1,"28":1,"29":1,"30":1,"31":1,"32":1,"33":1,"34":1,"35":1,"36":1,"37":1,"38":1,"39":2,"40":2,"41":1,"42":2,"43":2,"44":1,"45":2,"46":2,"47":1,"48":2,"49":2,"50":1,"51":1,"52":1,"53":1,"54":1},"b":{"1":[2,1,1,1],"2":[1,1,1,1],"3":[1,1],"4":[1,1],"5":[1,1],"6":[1,1],"7":[1,1],"8":[1,1],"9":[1,1],"10":[1,1,1],"11":[1,1],"12":[1,1],"13":[1,1],"14":[1,1],"15":[1,1],"16":[1,1],"17":[1,1]},"f":{"1":2,"2":2,"3":2,"4":2,"5":2,"6":1,"7":1,"8":1,"9":2,"10":2,"11":2,"12":2,"13":1},"fnMap":{"1":{"name":"(anonymous_1)","line":12,"loc":{"start":{"line":12,"column":1},"end":{"line":12,"column":13}}},"2":{"name":"(anonymous_2)","line":19,"loc":{"start":{"line":19,"column":5},"end":{"line":19,"column":17}}},"3":{"name":"(anonymous_3)","line":23,"loc":{"start":{"line":23,"column":24},"end":{"line":23,"column":36}}},"4":{"name":"(anonymous_4)","line":61,"loc":{"start":{"line":61,"column":5},"end":{"line":61,"column":17}}},"5":{"name":"(anonymous_5)","line":82,"loc":{"start":{"line":82,"column":5},"end":{"line":82,"column":17}}},"6":{"name":"(anonymous_6)","line":91,"loc":{"start":{"line":91,"column":77},"end":{"line":94,"column":10}}},"7":{"name":"(anonymous_7)","line":112,"loc":{"start":{"line":112,"column":83},"end":{"line":115,"column":10}},"skip":true},"8":{"name":"(anonymous_8)","line":123,"loc":{"start":{"line":123,"column":77},"end":{"line":126,"column":10}},"skip":true},"9":{"name":"(anonymous_9)","line":139,"loc":{"start":{"line":139,"column":12},"end":{"line":139,"column":40}},"skip":true},"10":{"name":"(anonymous_10)","line":147,"loc":{"start":{"line":147,"column":77},"end":{"line":150,"column":10}},"skip":true},"11":{"name":"(anonymous_11)","line":158,"loc":{"start":{"line":158,"column":83},"end":{"line":161,"column":10}},"skip":true},"12":{"name":"(anonymous_12)","line":169,"loc":{"start":{"line":169,"column":79},"end":{"line":172,"column":10}},"skip":true},"13":{"name":"(anonymous_13)","line":180,"loc":{"start":{"line":180,"column":75},"end":{"line":183,"column":10}},"skip":true}},"statementMap":{"1":{"start":{"line":12,"column":0},"end":{"line":195,"column":5}},"2":{"start":{"line":14,"column":4},"end":{"line":14,"column":14}},"3":{"start":{"line":19,"column":4},"end":{"line":56,"column":9}},"4":{"start":{"line":21,"column":8},"end":{"line":21,"column":19}},"5":{"start":{"line":23,"column":8},"end":{"line":35,"column":13}},"6":{"start":{"line":24,"column":12},"end":{"line":34,"column":13}},"7":{"start":{"line":25,"column":16},"end":{"line":28,"column":30}},"8":{"start":{"line":30,"column":16},"end":{"line":33,"column":27}},"9":{"start":{"line":37,"column":8},"end":{"line":39,"column":21}},"10":{"start":{"line":40,"column":8},"end":{"line":53,"column":9}},"11":{"start":{"line":43,"column":12},"end":{"line":46,"column":14}},"12":{"start":{"line":47,"column":12},"end":{"line":47,"column":18}},"13":{"start":{"line":50,"column":12},"end":{"line":51,"column":46}},"14":{"start":{"line":52,"column":12},"end":{"line":52,"column":18}},"15":{"start":{"line":55,"column":8},"end":{"line":55,"column":35}},"16":{"start":{"line":61,"column":4},"end":{"line":63,"column":9}},"17":{"start":{"line":62,"column":8},"end":{"line":62,"column":15}},"18":{"start":{"line":64,"column":4},"end":{"line":77,"column":5}},"19":{"start":{"line":70,"column":8},"end":{"line":70,"column":14}},"20":{"start":{"line":76,"column":8},"end":{"line":76,"column":14}},"21":{"start":{"line":82,"column":4},"end":{"line":84,"column":9}},"22":{"start":{"line":83,"column":8},"end":{"line":83,"column":15}},"23":{"start":{"line":85,"column":4},"end":{"line":194,"column":5}},"24":{"start":{"line":91,"column":8},"end":{"line":99,"column":10}},"25":{"start":{"line":98,"column":12},"end":{"line":98,"column":35}},"26":{"start":{"line":102,"column":8},"end":{"line":104,"column":63}},"27":{"start":{"line":105,"column":8},"end":{"line":105,"column":14}},"28":{"start":{"line":112,"column":8},"end":{"line":121,"column":10},"skip":true},"29":{"start":{"line":119,"column":12},"end":{"line":119,"column":55},"skip":true},"30":{"start":{"line":120,"column":12},"end":{"line":120,"column":48},"skip":true},"31":{"start":{"line":123,"column":8},"end":{"line":136,"column":10},"skip":true},"32":{"start":{"line":130,"column":12},"end":{"line":130,"column":76},"skip":true},"33":{"start":{"line":131,"column":12},"end":{"line":131,"column":73},"skip":true},"34":{"start":{"line":132,"column":12},"end":{"line":132,"column":74},"skip":true},"35":{"start":{"line":133,"column":12},"end":{"line":133,"column":79},"skip":true},"36":{"start":{"line":134,"column":12},"end":{"line":134,"column":25},"skip":true},"37":{"start":{"line":135,"column":12},"end":{"line":135,"column":45},"skip":true},"38":{"start":{"line":138,"column":8},"end":{"line":145,"column":14},"skip":true},"39":{"start":{"line":143,"column":16},"end":{"line":143,"column":29},"skip":true},"40":{"start":{"line":144,"column":16},"end":{"line":144,"column":55},"skip":true},"41":{"start":{"line":147,"column":8},"end":{"line":156,"column":10},"skip":true},"42":{"start":{"line":154,"column":12},"end":{"line":154,"column":25},"skip":true},"43":{"start":{"line":155,"column":12},"end":{"line":155,"column":45},"skip":true},"44":{"start":{"line":158,"column":8},"end":{"line":167,"column":10},"skip":true},"45":{"start":{"line":165,"column":12},"end":{"line":165,"column":25},"skip":true},"46":{"start":{"line":166,"column":12},"end":{"line":166,"column":48},"skip":true},"47":{"start":{"line":169,"column":8},"end":{"line":178,"column":10},"skip":true},"48":{"start":{"line":176,"column":12},"end":{"line":176,"column":25},"skip":true},"49":{"start":{"line":177,"column":12},"end":{"line":177,"column":46},"skip":true},"50":{"start":{"line":180,"column":8},"end":{"line":189,"column":10},"skip":true},"51":{"start":{"line":187,"column":12},"end":{"line":187,"column":94},"skip":true},"52":{"start":{"line":188,"column":12},"end":{"line":188,"column":48},"skip":true},"53":{"start":{"line":192,"column":8},"end":{"line":192,"column":35},"skip":true},"54":{"start":{"line":193,"column":8},"end":{"line":193,"column":14},"skip":true}},"branchMap":{"1":{"line":25,"type":"binary-expr","locations":[{"start":{"line":25,"column":23},"end":{"line":25,"column":62}},{"start":{"line":26,"column":20},"end":{"line":26,"column":70}},{"start":{"line":27,"column":20},"end":{"line":27,"column":71}},{"start":{"line":28,"column":20},"end":{"line":28,"column":29}}]},"2":{"line":30,"type":"binary-expr","locations":[{"start":{"line":30,"column":23},"end":{"line":30,"column":37}},{"start":{"line":31,"column":20},"end":{"line":31,"column":61}},{"start":{"line":32,"column":20},"end":{"line":32,"column":70}},{"start":{"line":33,"column":20},"end":{"line":33,"column":26}}]},"3":{"line":37,"type":"cond-expr","locations":[{"start":{"line":38,"column":14},"end":{"line":38,"column":20}},{"start":{"line":39,"column":14},"end":{"line":39,"column":20}}]},"4":{"line":40,"type":"switch","locations":[{"start":{"line":42,"column":8},"end":{"line":47,"column":18}},{"start":{"line":49,"column":8},"end":{"line":52,"column":18}}]},"5":{"line":44,"type":"binary-expr","locations":[{"start":{"line":44,"column":16},"end":{"line":44,"column":44}},{"start":{"line":44,"column":48},"end":{"line":44,"column":66}}]},"6":{"line":50,"type":"binary-expr","locations":[{"start":{"line":50,"column":21},"end":{"line":50,"column":49}},{"start":{"line":50,"column":53},"end":{"line":50,"column":72}}]},"7":{"line":64,"type":"switch","locations":[{"start":{"line":69,"column":4},"end":{"line":70,"column":14}},{"start":{"line":75,"column":4},"end":{"line":76,"column":14}}]},"8":{"line":85,"type":"switch","locations":[{"start":{"line":90,"column":4},"end":{"line":105,"column":14}},{"start":{"line":111,"column":4},"end":{"line":193,"column":14},"skip":true}]},"9":{"line":91,"type":"binary-expr","locations":[{"start":{"line":91,"column":42},"end":{"line":91,"column":73}},{"start":{"line":91,"column":77},"end":{"line":99,"column":9}}]},"10":{"line":102,"type":"binary-expr","locations":[{"start":{"line":102,"column":18},"end":{"line":102,"column":32}},{"start":{"line":103,"column":12},"end":{"line":103,"column":53}},{"start":{"line":104,"column":12},"end":{"line":104,"column":61}}]},"11":{"line":112,"type":"binary-expr","locations":[{"start":{"line":112,"column":45},"end":{"line":112,"column":79},"skip":true},{"start":{"line":112,"column":83},"end":{"line":121,"column":9},"skip":true}]},"12":{"line":123,"type":"binary-expr","locations":[{"start":{"line":123,"column":42},"end":{"line":123,"column":73},"skip":true},{"start":{"line":123,"column":77},"end":{"line":136,"column":9},"skip":true}]},"13":{"line":138,"type":"binary-expr","locations":[{"start":{"line":138,"column":48},"end":{"line":138,"column":85},"skip":true},{"start":{"line":139,"column":12},"end":{"line":145,"column":13},"skip":true}]},"14":{"line":147,"type":"binary-expr","locations":[{"start":{"line":147,"column":42},"end":{"line":147,"column":73},"skip":true},{"start":{"line":147,"column":77},"end":{"line":156,"column":9},"skip":true}]},"15":{"line":158,"type":"binary-expr","locations":[{"start":{"line":158,"column":45},"end":{"line":158,"column":79},"skip":true},{"start":{"line":158,"column":83},"end":{"line":167,"column":9},"skip":true}]},"16":{"line":169,"type":"binary-expr","locations":[{"start":{"line":169,"column":43},"end":{"line":169,"column":75},"skip":true},{"start":{"line":169,"column":79},"end":{"line":178,"column":9},"skip":true}]},"17":{"line":180,"type":"binary-expr","locations":[{"start":{"line":180,"column":41},"end":{"line":180,"column":71},"skip":true},{"start":{"line":180,"column":75},"end":{"line":189,"column":9},"skip":true}]}},"code":["/* istanbul instrument in package npmtest_highland */","/*jslint","    bitwise: true,","    browser: true,","    maxerr: 8,","    maxlen: 96,","    node: true,","    nomen: true,","    regexp: true,","    stupid: true","*/","(function () {","    'use strict';","    var local;","","","","    // run shared js-env code - pre-init","    (function () {","        // init local","        local = {};","        // init modeJs","        local.modeJs = (function () {","            try {","                return typeof navigator.userAgent === 'string' &&","                    typeof document.querySelector('body') === 'object' &&","                    typeof XMLHttpRequest.prototype.open === 'function' &&","                    'browser';","            } catch (errorCaughtBrowser) {","                return module.exports &&","                    typeof process.versions.node === 'string' &&","                    typeof require('http').createServer === 'function' &&","                    'node';","            }","        }());","        // init global","        local.global = local.modeJs === 'browser'","            ? window","            : global;","        switch (local.modeJs) {","        // re-init local from window.local","        case 'browser':","            local = local.global.utility2.objectSetDefault(","                local.global.utility2_rollup || local.global.local,","                local.global.utility2","            );","            break;","        // re-init local from example.js","        case 'node':","            local = (local.global.utility2_rollup || require('utility2'))","                .requireExampleJsFromReadme();","            break;","        }","        // export local","        local.global.local = local;","    }());","","","","    // run shared js-env code - function","    (function () {","        return;","    }());","    switch (local.modeJs) {","","","","    // run browser js-env code - function","    case 'browser':","        break;","","","","    // run node js-env code - function","    case 'node':","        break;","    }","","","","    // run shared js-env code - post-init","    (function () {","        return;","    }());","    switch (local.modeJs) {","","","","    // run browser js-env code - post-init","    case 'browser':","        local.testCase_browser_nullCase = local.testCase_browser_nullCase || function (","            options,","            onError","        ) {","        /*","         * this function will test browsers's null-case handling-behavior-behavior","         */","            onError(null, options);","        };","","        // run tests","        local.nop(local.modeTest &&","            document.querySelector('#testRunButton1') &&","            document.querySelector('#testRunButton1').click());","        break;","","","","    // run node js-env code - post-init","    /* istanbul ignore next */","    case 'node':","        local.testCase_buildApidoc_default = local.testCase_buildApidoc_default || function (","            options,","            onError","        ) {","        /*","         * this function will test buildApidoc's default handling-behavior-behavior","         */","            options = { modulePathList: module.paths };","            local.buildApidoc(options, onError);","        };","","        local.testCase_buildApp_default = local.testCase_buildApp_default || function (","            options,","            onError","        ) {","        /*","         * this function will test buildApp's default handling-behavior-behavior","         */","            local.testCase_buildReadme_default(options, local.onErrorThrow);","            local.testCase_buildLib_default(options, local.onErrorThrow);","            local.testCase_buildTest_default(options, local.onErrorThrow);","            local.testCase_buildCustomOrg_default(options, local.onErrorThrow);","            options = [];","            local.buildApp(options, onError);","        };","","        local.testCase_buildCustomOrg_default = local.testCase_buildCustomOrg_default ||","            function (options, onError) {","            /*","             * this function will test buildCustomOrg's default handling-behavior","             */","                options = {};","                local.buildCustomOrg(options, onError);","            };","","        local.testCase_buildLib_default = local.testCase_buildLib_default || function (","            options,","            onError","        ) {","        /*","         * this function will test buildLib's default handling-behavior","         */","            options = {};","            local.buildLib(options, onError);","        };","","        local.testCase_buildReadme_default = local.testCase_buildReadme_default || function (","            options,","            onError","        ) {","        /*","         * this function will test buildReadme's default handling-behavior-behavior","         */","            options = {};","            local.buildReadme(options, onError);","        };","","        local.testCase_buildTest_default = local.testCase_buildTest_default || function (","            options,","            onError","        ) {","        /*","         * this function will test buildTest's default handling-behavior","         */","            options = {};","            local.buildTest(options, onError);","        };","","        local.testCase_webpage_default = local.testCase_webpage_default || function (","            options,","            onError","        ) {","        /*","         * this function will test webpage's default handling-behavior","         */","            options = { modeCoverageMerge: true, url: local.serverLocalHost + '?modeTest=1' };","            local.browserTest(options, onError);","        };","","        // run test-server","        local.testRunServer(local);","        break;","    }","}());",""],"l":{"12":2,"14":2,"19":2,"21":2,"23":2,"24":2,"25":2,"30":1,"37":2,"40":2,"43":1,"47":1,"50":1,"52":1,"55":2,"61":2,"62":2,"64":2,"70":1,"76":1,"82":2,"83":2,"85":2,"91":1,"98":1,"102":1,"105":1,"112":1,"119":1,"120":1,"123":1,"130":1,"131":1,"132":1,"133":1,"134":1,"135":1,"138":1,"143":2,"144":2,"147":1,"154":2,"155":2,"158":1,"165":2,"166":2,"169":1,"176":2,"177":2,"180":1,"187":1,"188":1,"192":1,"193":1}},"/home/travis/build/npmtest/node-npmtest-highland/lib.npmtest_highland.js":{"path":"/home/travis/build/npmtest/node-npmtest-highland/lib.npmtest_highland.js","s":{"1":2,"2":2,"3":2,"4":2,"5":2,"6":2,"7":2,"8":1,"9":2,"10":2,"11":2,"12":2,"13":1,"14":1,"15":1,"16":1},"b":{"1":[2,1,1,1],"2":[1,1,1,1],"3":[1,1],"4":[2,2],"5":[1,1]},"f":{"1":2,"2":2,"3":2},"fnMap":{"1":{"name":"(anonymous_1)","line":12,"loc":{"start":{"line":12,"column":1},"end":{"line":12,"column":13}}},"2":{"name":"(anonymous_2)","line":19,"loc":{"start":{"line":19,"column":5},"end":{"line":19,"column":17}}},"3":{"name":"(anonymous_3)","line":23,"loc":{"start":{"line":23,"column":24},"end":{"line":23,"column":36}}}},"statementMap":{"1":{"start":{"line":12,"column":0},"end":{"line":53,"column":5}},"2":{"start":{"line":14,"column":4},"end":{"line":14,"column":14}},"3":{"start":{"line":19,"column":4},"end":{"line":52,"column":9}},"4":{"start":{"line":21,"column":8},"end":{"line":21,"column":19}},"5":{"start":{"line":23,"column":8},"end":{"line":35,"column":13}},"6":{"start":{"line":24,"column":12},"end":{"line":34,"column":13}},"7":{"start":{"line":25,"column":16},"end":{"line":28,"column":30}},"8":{"start":{"line":30,"column":16},"end":{"line":33,"column":27}},"9":{"start":{"line":37,"column":8},"end":{"line":39,"column":21}},"10":{"start":{"line":41,"column":8},"end":{"line":41,"column":54}},"11":{"start":{"line":43,"column":8},"end":{"line":43,"column":53}},"12":{"start":{"line":45,"column":8},"end":{"line":51,"column":9}},"13":{"start":{"line":46,"column":12},"end":{"line":46,"column":59}},"14":{"start":{"line":48,"column":12},"end":{"line":48,"column":35}},"15":{"start":{"line":49,"column":12},"end":{"line":49,"column":49}},"16":{"start":{"line":50,"column":12},"end":{"line":50,"column":43}}},"branchMap":{"1":{"line":25,"type":"binary-expr","locations":[{"start":{"line":25,"column":23},"end":{"line":25,"column":62}},{"start":{"line":26,"column":20},"end":{"line":26,"column":70}},{"start":{"line":27,"column":20},"end":{"line":27,"column":71}},{"start":{"line":28,"column":20},"end":{"line":28,"column":29}}]},"2":{"line":30,"type":"binary-expr","locations":[{"start":{"line":30,"column":23},"end":{"line":30,"column":37}},{"start":{"line":31,"column":20},"end":{"line":31,"column":61}},{"start":{"line":32,"column":20},"end":{"line":32,"column":70}},{"start":{"line":33,"column":20},"end":{"line":33,"column":26}}]},"3":{"line":37,"type":"cond-expr","locations":[{"start":{"line":38,"column":14},"end":{"line":38,"column":20}},{"start":{"line":39,"column":14},"end":{"line":39,"column":20}}]},"4":{"line":41,"type":"binary-expr","locations":[{"start":{"line":41,"column":16},"end":{"line":41,"column":44}},{"start":{"line":41,"column":48},"end":{"line":41,"column":53}}]},"5":{"line":45,"type":"if","locations":[{"start":{"line":45,"column":8},"end":{"line":45,"column":8}},{"start":{"line":45,"column":8},"end":{"line":45,"column":8}}]}},"code":["/* istanbul instrument in package npmtest_highland */","/*jslint","    bitwise: true,","    browser: true,","    maxerr: 8,","    maxlen: 96,","    node: true,","    nomen: true,","    regexp: true,","    stupid: true","*/","(function () {","    'use strict';","    var local;","","","","    // run shared js-env code - pre-init","    (function () {","        // init local","        local = {};","        // init modeJs","        local.modeJs = (function () {","            try {","                return typeof navigator.userAgent === 'string' &&","                    typeof document.querySelector('body') === 'object' &&","                    typeof XMLHttpRequest.prototype.open === 'function' &&","                    'browser';","            } catch (errorCaughtBrowser) {","                return module.exports &&","                    typeof process.versions.node === 'string' &&","                    typeof require('http').createServer === 'function' &&","                    'node';","            }","        }());","        // init global","        local.global = local.modeJs === 'browser'","            ? window","            : global;","        // init utility2_rollup","        local = local.global.utility2_rollup || local;","        // init lib","        local.local = local.npmtest_highland = local;","        // init exports","        if (local.modeJs === 'browser') {","            local.global.utility2_npmtest_highland = local;","        } else {","            module.exports = local;","            module.exports.__dirname = __dirname;","            module.exports.module = module;","        }","    }());","}());",""],"l":{"12":2,"14":2,"19":2,"21":2,"23":2,"24":2,"25":2,"30":1,"37":2,"41":2,"43":2,"45":2,"46":1,"48":1,"49":1,"50":1}},"/home/travis/build/npmtest/node-npmtest-highland/example.js":{"path":"/home/travis/build/npmtest/node-npmtest-highland/example.js","s":{"1":2,"2":2,"3":2,"4":2,"5":2,"6":2,"7":2,"8":1,"9":2,"10":2,"11":2,"12":2,"13":1,"14":2,"15":2,"16":2,"17":2,"18":2,"19":0,"20":2,"21":1,"22":1,"23":1,"24":1,"25":1,"26":0,"27":0,"28":1,"29":1,"30":2,"31":0,"32":0,"33":0,"34":1,"35":2,"36":2,"37":3,"38":3,"39":3,"40":3,"41":0,"42":3,"43":3,"44":3,"45":1,"46":3,"47":1,"48":1,"49":1,"50":1,"51":1,"52":1,"53":1,"54":1,"55":1,"56":1,"57":0,"58":1,"59":6,"60":6,"61":1,"62":2,"63":0,"64":2,"65":1,"66":1,"67":0,"68":0,"69":0,"70":0,"71":0,"72":0,"73":0,"74":0,"75":0,"76":0,"77":0,"78":0,"79":0,"80":0,"81":0,"82":0,"83":0},"b":{"1":[2,1,1,1],"2":[1,1,1,1],"3":[1,1],"4":[2,2],"5":[1,1],"6":[1,1],"7":[2,0],"8":[2,1,1,1,1,1],"9":[0,2,0],"10":[1,1],"11":[2,1,1],"12":[1,0],"13":[0,2],"14":[2,0,0,0,0,0,0],"15":[0,3],"16":[3,0],"17":[1,1],"18":[0,1],"19":[1,2,0,2],"20":[1,0],"21":[1,1],"22":[0,0],"23":[0,0],"24":[0,0],"25":[0,0],"26":[0,0],"27":[0,0],"28":[0,0]},"f":{"1":2,"2":2,"3":2,"4":2,"5":2,"6":2,"7":3,"8":3,"9":3,"10":1,"11":6,"12":0},"fnMap":{"1":{"name":"(anonymous_1)","line":26,"loc":{"start":{"line":26,"column":1},"end":{"line":26,"column":13}}},"2":{"name":"(anonymous_2)","line":33,"loc":{"start":{"line":33,"column":5},"end":{"line":33,"column":17}}},"3":{"name":"(anonymous_3)","line":37,"loc":{"start":{"line":37,"column":24},"end":{"line":37,"column":36}}},"4":{"name":"(anonymous_4)","line":69,"loc":{"start":{"line":69,"column":31},"end":{"line":69,"column":48}},"skip":true},"5":{"name":"(anonymous_5)","line":78,"loc":{"start":{"line":78,"column":26},"end":{"line":78,"column":45}},"skip":true},"6":{"name":"(anonymous_6)","line":123,"loc":{"start":{"line":123,"column":33},"end":{"line":123,"column":48}},"skip":true},"7":{"name":"(anonymous_7)","line":125,"loc":{"start":{"line":125,"column":27},"end":{"line":125,"column":39}},"skip":true},"8":{"name":"(anonymous_8)","line":133,"loc":{"start":{"line":133,"column":59},"end":{"line":133,"column":74}},"skip":true},"9":{"name":"(anonymous_9)","line":143,"loc":{"start":{"line":143,"column":45},"end":{"line":143,"column":62}},"skip":true},"10":{"name":"(anonymous_10)","line":144,"loc":{"start":{"line":144,"column":73},"end":{"line":144,"column":92}},"skip":true},"11":{"name":"(anonymous_11)","line":272,"loc":{"start":{"line":272,"column":51},"end":{"line":272,"column":77}},"skip":true},"12":{"name":"(anonymous_12)","line":315,"loc":{"start":{"line":315,"column":32},"end":{"line":315,"column":61}},"skip":true}},"statementMap":{"1":{"start":{"line":26,"column":0},"end":{"line":326,"column":5}},"2":{"start":{"line":28,"column":4},"end":{"line":28,"column":14}},"3":{"start":{"line":33,"column":4},"end":{"line":60,"column":9}},"4":{"start":{"line":35,"column":8},"end":{"line":35,"column":19}},"5":{"start":{"line":37,"column":8},"end":{"line":49,"column":13}},"6":{"start":{"line":38,"column":12},"end":{"line":48,"column":13}},"7":{"start":{"line":39,"column":16},"end":{"line":42,"column":30}},"8":{"start":{"line":44,"column":16},"end":{"line":47,"column":27}},"9":{"start":{"line":51,"column":8},"end":{"line":53,"column":21}},"10":{"start":{"line":55,"column":8},"end":{"line":57,"column":45}},"11":{"start":{"line":59,"column":8},"end":{"line":59,"column":35}},"12":{"start":{"line":61,"column":4},"end":{"line":325,"column":5}},"13":{"start":{"line":69,"column":8},"end":{"line":121,"column":10},"skip":true},"14":{"start":{"line":70,"column":12},"end":{"line":88,"column":13},"skip":true},"15":{"start":{"line":76,"column":16},"end":{"line":87,"column":19},"skip":true},"16":{"start":{"line":79,"column":20},"end":{"line":86,"column":21},"skip":true},"17":{"start":{"line":82,"column":24},"end":{"line":82,"column":43},"skip":true},"18":{"start":{"line":83,"column":24},"end":{"line":83,"column":30},"skip":true},"19":{"start":{"line":85,"column":24},"end":{"line":85,"column":49},"skip":true},"20":{"start":{"line":89,"column":12},"end":{"line":107,"column":13},"skip":true},"21":{"start":{"line":92,"column":16},"end":{"line":102,"column":17},"skip":true},"22":{"start":{"line":93,"column":20},"end":{"line":93,"column":86},"skip":true},"23":{"start":{"line":94,"column":20},"end":{"line":95,"column":45},"skip":true},"24":{"start":{"line":96,"column":20},"end":{"line":96,"column":42},"skip":true},"25":{"start":{"line":97,"column":20},"end":{"line":97,"column":48},"skip":true},"26":{"start":{"line":100,"column":20},"end":{"line":100,"column":85},"skip":true},"27":{"start":{"line":101,"column":20},"end":{"line":101,"column":96},"skip":true},"28":{"start":{"line":103,"column":16},"end":{"line":103,"column":22},"skip":true},"29":{"start":{"line":106,"column":16},"end":{"line":106,"column":22},"skip":true},"30":{"start":{"line":108,"column":12},"end":{"line":120,"column":13},"skip":true},"31":{"start":{"line":114,"column":16},"end":{"line":119,"column":17},"skip":true},"32":{"start":{"line":116,"column":20},"end":{"line":116,"column":78},"skip":true},"33":{"start":{"line":118,"column":20},"end":{"line":118,"column":47},"skip":true},"34":{"start":{"line":123,"column":8},"end":{"line":141,"column":11},"skip":true},"35":{"start":{"line":124,"column":12},"end":{"line":124,"column":54},"skip":true},"36":{"start":{"line":125,"column":12},"end":{"line":140,"column":14},"skip":true},"37":{"start":{"line":126,"column":16},"end":{"line":126,"column":28},"skip":true},"38":{"start":{"line":127,"column":16},"end":{"line":127,"column":69},"skip":true},"39":{"start":{"line":128,"column":16},"end":{"line":128,"column":75},"skip":true},"40":{"start":{"line":129,"column":16},"end":{"line":131,"column":17},"skip":true},"41":{"start":{"line":130,"column":20},"end":{"line":130,"column":27},"skip":true},"42":{"start":{"line":133,"column":16},"end":{"line":137,"column":36},"skip":true},"43":{"start":{"line":134,"column":20},"end":{"line":136,"column":55},"skip":true},"44":{"start":{"line":139,"column":16},"end":{"line":139,"column":57},"skip":true},"45":{"start":{"line":143,"column":8},"end":{"line":147,"column":11},"skip":true},"46":{"start":{"line":144,"column":12},"end":{"line":146,"column":15},"skip":true},"47":{"start":{"line":145,"column":16},"end":{"line":145,"column":70},"skip":true},"48":{"start":{"line":149,"column":8},"end":{"line":149,"column":31},"skip":true},"49":{"start":{"line":150,"column":8},"end":{"line":150,"column":14},"skip":true},"50":{"start":{"line":158,"column":8},"end":{"line":158,"column":31},"skip":true},"51":{"start":{"line":160,"column":8},"end":{"line":160,"column":33},"skip":true},"52":{"start":{"line":161,"column":8},"end":{"line":161,"column":37},"skip":true},"53":{"start":{"line":162,"column":8},"end":{"line":162,"column":35},"skip":true},"54":{"start":{"line":164,"column":8},"end":{"line":164,"column":50},"skip":true},"55":{"start":{"line":166,"column":8},"end":{"line":256,"column":2},"skip":true},"56":{"start":{"line":258,"column":8},"end":{"line":286,"column":9},"skip":true},"57":{"start":{"line":259,"column":12},"end":{"line":269,"column":14},"skip":true},"58":{"start":{"line":271,"column":12},"end":{"line":285,"column":19},"skip":true},"59":{"start":{"line":274,"column":20},"end":{"line":274,"column":35},"skip":true},"60":{"start":{"line":275,"column":20},"end":{"line":284,"column":21},"skip":true},"61":{"start":{"line":277,"column":24},"end":{"line":277,"column":64},"skip":true},"62":{"start":{"line":279,"column":24},"end":{"line":279,"column":40},"skip":true},"63":{"start":{"line":281,"column":24},"end":{"line":281,"column":40},"skip":true},"64":{"start":{"line":283,"column":24},"end":{"line":283,"column":39},"skip":true},"65":{"start":{"line":288,"column":8},"end":{"line":290,"column":9},"skip":true},"66":{"start":{"line":289,"column":12},"end":{"line":289,"column":18},"skip":true},"67":{"start":{"line":291,"column":8},"end":{"line":293,"column":54},"skip":true},"68":{"start":{"line":296,"column":8},"end":{"line":301,"column":37},"skip":true},"69":{"start":{"line":303,"column":8},"end":{"line":303,"column":82},"skip":true},"70":{"start":{"line":306,"column":8},"end":{"line":308,"column":9},"skip":true},"71":{"start":{"line":307,"column":12},"end":{"line":307,"column":82},"skip":true},"72":{"start":{"line":310,"column":8},"end":{"line":312,"column":9},"skip":true},"73":{"start":{"line":311,"column":12},"end":{"line":311,"column":18},"skip":true},"74":{"start":{"line":313,"column":8},"end":{"line":313,"column":54},"skip":true},"75":{"start":{"line":314,"column":8},"end":{"line":314,"column":69},"skip":true},"76":{"start":{"line":315,"column":8},"end":{"line":323,"column":36},"skip":true},"77":{"start":{"line":316,"column":12},"end":{"line":316,"column":61},"skip":true},"78":{"start":{"line":317,"column":12},"end":{"line":320,"column":13},"skip":true},"79":{"start":{"line":318,"column":16},"end":{"line":318,"column":75},"skip":true},"80":{"start":{"line":319,"column":16},"end":{"line":319,"column":23},"skip":true},"81":{"start":{"line":321,"column":12},"end":{"line":321,"column":38},"skip":true},"82":{"start":{"line":322,"column":12},"end":{"line":322,"column":27},"skip":true},"83":{"start":{"line":324,"column":8},"end":{"line":324,"column":14},"skip":true}},"branchMap":{"1":{"line":39,"type":"binary-expr","locations":[{"start":{"line":39,"column":23},"end":{"line":39,"column":62}},{"start":{"line":40,"column":20},"end":{"line":40,"column":70}},{"start":{"line":41,"column":20},"end":{"line":41,"column":71}},{"start":{"line":42,"column":20},"end":{"line":42,"column":29}}]},"2":{"line":44,"type":"binary-expr","locations":[{"start":{"line":44,"column":23},"end":{"line":44,"column":37}},{"start":{"line":45,"column":20},"end":{"line":45,"column":61}},{"start":{"line":46,"column":20},"end":{"line":46,"column":70}},{"start":{"line":47,"column":20},"end":{"line":47,"column":26}}]},"3":{"line":51,"type":"cond-expr","locations":[{"start":{"line":52,"column":14},"end":{"line":52,"column":20}},{"start":{"line":53,"column":14},"end":{"line":53,"column":20}}]},"4":{"line":55,"type":"binary-expr","locations":[{"start":{"line":55,"column":16},"end":{"line":55,"column":44}},{"start":{"line":55,"column":49},"end":{"line":57,"column":43}}]},"5":{"line":55,"type":"cond-expr","locations":[{"start":{"line":56,"column":14},"end":{"line":56,"column":52}},{"start":{"line":57,"column":14},"end":{"line":57,"column":43}}]},"6":{"line":61,"type":"switch","locations":[{"start":{"line":68,"column":4},"end":{"line":150,"column":14},"skip":true},{"start":{"line":156,"column":4},"end":{"line":324,"column":14},"skip":true}]},"7":{"line":70,"type":"if","locations":[{"start":{"line":70,"column":12},"end":{"line":70,"column":12},"skip":true},{"start":{"line":70,"column":12},"end":{"line":70,"column":12},"skip":true}]},"8":{"line":70,"type":"binary-expr","locations":[{"start":{"line":70,"column":16},"end":{"line":70,"column":22},"skip":true},{"start":{"line":70,"column":27},"end":{"line":70,"column":32},"skip":true},{"start":{"line":71,"column":20},"end":{"line":71,"column":39},"skip":true},{"start":{"line":72,"column":20},"end":{"line":72,"column":49},"skip":true},{"start":{"line":73,"column":20},"end":{"line":73,"column":58},"skip":true},{"start":{"line":74,"column":20},"end":{"line":74,"column":69},"skip":true}]},"9":{"line":79,"type":"switch","locations":[{"start":{"line":80,"column":20},"end":{"line":80,"column":33},"skip":true},{"start":{"line":81,"column":20},"end":{"line":83,"column":30},"skip":true},{"start":{"line":84,"column":20},"end":{"line":85,"column":49},"skip":true}]},"10":{"line":89,"type":"switch","locations":[{"start":{"line":90,"column":12},"end":{"line":103,"column":22},"skip":true},{"start":{"line":105,"column":12},"end":{"line":106,"column":22},"skip":true}]},"11":{"line":89,"type":"binary-expr","locations":[{"start":{"line":89,"column":20},"end":{"line":89,"column":25},"skip":true},{"start":{"line":89,"column":29},"end":{"line":89,"column":48},"skip":true},{"start":{"line":89,"column":52},"end":{"line":89,"column":74},"skip":true}]},"12":{"line":92,"type":"if","locations":[{"start":{"line":92,"column":16},"end":{"line":92,"column":16},"skip":true},{"start":{"line":92,"column":16},"end":{"line":92,"column":16},"skip":true}]},"13":{"line":108,"type":"if","locations":[{"start":{"line":108,"column":12},"end":{"line":108,"column":12},"skip":true},{"start":{"line":108,"column":12},"end":{"line":108,"column":12},"skip":true}]},"14":{"line":108,"type":"binary-expr","locations":[{"start":{"line":108,"column":16},"end":{"line":108,"column":61},"skip":true},{"start":{"line":108,"column":66},"end":{"line":108,"column":72},"skip":true},{"start":{"line":108,"column":77},"end":{"line":108,"column":82},"skip":true},{"start":{"line":109,"column":20},"end":{"line":109,"column":39},"skip":true},{"start":{"line":110,"column":20},"end":{"line":110,"column":49},"skip":true},{"start":{"line":111,"column":20},"end":{"line":111,"column":58},"skip":true},{"start":{"line":112,"column":20},"end":{"line":112,"column":68},"skip":true}]},"15":{"line":129,"type":"if","locations":[{"start":{"line":129,"column":16},"end":{"line":129,"column":16},"skip":true},{"start":{"line":129,"column":16},"end":{"line":129,"column":16},"skip":true}]},"16":{"line":134,"type":"cond-expr","locations":[{"start":{"line":135,"column":26},"end":{"line":135,"column":29},"skip":true},{"start":{"line":136,"column":26},"end":{"line":136,"column":54},"skip":true}]},"17":{"line":164,"type":"binary-expr","locations":[{"start":{"line":164,"column":27},"end":{"line":164,"column":43},"skip":true},{"start":{"line":164,"column":47},"end":{"line":164,"column":49},"skip":true}]},"18":{"line":258,"type":"if","locations":[{"start":{"line":258,"column":8},"end":{"line":258,"column":8},"skip":true},{"start":{"line":258,"column":8},"end":{"line":258,"column":8},"skip":true}]},"19":{"line":275,"type":"switch","locations":[{"start":{"line":276,"column":20},"end":{"line":277,"column":64},"skip":true},{"start":{"line":278,"column":20},"end":{"line":279,"column":40},"skip":true},{"start":{"line":280,"column":20},"end":{"line":281,"column":40},"skip":true},{"start":{"line":282,"column":20},"end":{"line":283,"column":39},"skip":true}]},"20":{"line":288,"type":"if","locations":[{"start":{"line":288,"column":8},"end":{"line":288,"column":8},"skip":true},{"start":{"line":288,"column":8},"end":{"line":288,"column":8},"skip":true}]},"21":{"line":288,"type":"binary-expr","locations":[{"start":{"line":288,"column":12},"end":{"line":288,"column":40},"skip":true},{"start":{"line":288,"column":44},"end":{"line":288,"column":67},"skip":true}]},"22":{"line":292,"type":"binary-expr","locations":[{"start":{"line":292,"column":12},"end":{"line":292,"column":50},"skip":true},{"start":{"line":293,"column":12},"end":{"line":293,"column":53},"skip":true}]},"23":{"line":297,"type":"binary-expr","locations":[{"start":{"line":297,"column":12},"end":{"line":297,"column":66},"skip":true},{"start":{"line":298,"column":12},"end":{"line":301,"column":36},"skip":true}]},"24":{"line":303,"type":"binary-expr","locations":[{"start":{"line":303,"column":43},"end":{"line":303,"column":75},"skip":true},{"start":{"line":303,"column":79},"end":{"line":303,"column":81},"skip":true}]},"25":{"line":306,"type":"if","locations":[{"start":{"line":306,"column":8},"end":{"line":306,"column":8},"skip":true},{"start":{"line":306,"column":8},"end":{"line":306,"column":8},"skip":true}]},"26":{"line":310,"type":"if","locations":[{"start":{"line":310,"column":8},"end":{"line":310,"column":8},"skip":true},{"start":{"line":310,"column":8},"end":{"line":310,"column":8},"skip":true}]},"27":{"line":313,"type":"binary-expr","locations":[{"start":{"line":313,"column":27},"end":{"line":313,"column":43},"skip":true},{"start":{"line":313,"column":47},"end":{"line":313,"column":53},"skip":true}]},"28":{"line":317,"type":"if","locations":[{"start":{"line":317,"column":12},"end":{"line":317,"column":12},"skip":true},{"start":{"line":317,"column":12},"end":{"line":317,"column":12},"skip":true}]}},"code":["/*","example.js","","quickstart example","","instruction","    1. save this script as example.js","    2. run the shell command:","        $ npm install npmtest-highland && PORT=8081 node example.js","    3. play with the browser-demo on http://127.0.0.1:8081","*/","","","","/* istanbul instrument in package npmtest_highland */","/*jslint","    bitwise: true,","    browser: true,","    maxerr: 8,","    maxlen: 96,","    node: true,","    nomen: true,","    regexp: true,","    stupid: true","*/","(function () {","    'use strict';","    var local;","","","","    // run shared js-env code - pre-init","    (function () {","        // init local","        local = {};","        // init modeJs","        local.modeJs = (function () {","            try {","                return typeof navigator.userAgent === 'string' &&","                    typeof document.querySelector('body') === 'object' &&","                    typeof XMLHttpRequest.prototype.open === 'function' &&","                    'browser';","            } catch (errorCaughtBrowser) {","                return module.exports &&","                    typeof process.versions.node === 'string' &&","                    typeof require('http').createServer === 'function' &&","                    'node';","            }","        }());","        // init global","        local.global = local.modeJs === 'browser'","            ? window","            : global;","        // init utility2_rollup","        local = local.global.utility2_rollup || (local.modeJs === 'browser'","            ? local.global.utility2_npmtest_highland","            : global.utility2_moduleExports);","        // export local","        local.global.local = local;","    }());","    switch (local.modeJs) {","","","","    // post-init","    // run browser js-env code - post-init","    /* istanbul ignore next */","    case 'browser':","        local.testRunBrowser = function (event) {","            if (!event || (event &&","                    event.currentTarget &&","                    event.currentTarget.className &&","                    event.currentTarget.className.includes &&","                    event.currentTarget.className.includes('onreset'))) {","                // reset output","                Array.from(","                    document.querySelectorAll('body > .resettable')","                ).forEach(function (element) {","                    switch (element.tagName) {","                    case 'INPUT':","                    case 'TEXTAREA':","                        element.value = '';","                        break;","                    default:","                        element.textContent = '';","                    }","                });","            }","            switch (event && event.currentTarget && event.currentTarget.id) {","            case 'testRunButton1':","                // show tests","                if (document.querySelector('#testReportDiv1').style.display === 'none') {","                    document.querySelector('#testReportDiv1').style.display = 'block';","                    document.querySelector('#testRunButton1').textContent =","                        'hide internal test';","                    local.modeTest = true;","                    local.testRunDefault(local);","                // hide tests","                } else {","                    document.querySelector('#testReportDiv1').style.display = 'none';","                    document.querySelector('#testRunButton1').textContent = 'run internal test';","                }","                break;","            // custom-case","            default:","                break;","            }","            if (document.querySelector('#inputTextareaEval1') && (!event || (event &&","                    event.currentTarget &&","                    event.currentTarget.className &&","                    event.currentTarget.className.includes &&","                    event.currentTarget.className.includes('oneval')))) {","                // try to eval input-code","                try {","                    /*jslint evil: true*/","                    eval(document.querySelector('#inputTextareaEval1').value);","                } catch (errorCaught) {","                    console.error(errorCaught);","                }","            }","        };","        // log stderr and stdout to #outputTextareaStdout1","        ['error', 'log'].forEach(function (key) {","            console[key + '_original'] = console[key];","            console[key] = function () {","                var element;","                console[key + '_original'].apply(console, arguments);","                element = document.querySelector('#outputTextareaStdout1');","                if (!element) {","                    return;","                }","                // append text to #outputTextareaStdout1","                element.value += Array.from(arguments).map(function (arg) {","                    return typeof arg === 'string'","                        ? arg","                        : JSON.stringify(arg, null, 4);","                }).join(' ') + '\\n';","                // scroll textarea to bottom","                element.scrollTop = element.scrollHeight;","            };","        });","        // init event-handling","        ['change', 'click', 'keyup'].forEach(function (event) {","            Array.from(document.querySelectorAll('.on' + event)).forEach(function (element) {","                element.addEventListener(event, local.testRunBrowser);","            });","        });","        // run tests","        local.testRunBrowser();","        break;","","","","    // run node js-env code - post-init","    /* istanbul ignore next */","    case 'node':","        // export local","        module.exports = local;","        // require modules","        local.fs = require('fs');","        local.http = require('http');","        local.url = require('url');","        // init assets","        local.assetsDict = local.assetsDict || {};","        /* jslint-ignore-begin */","        local.assetsDict['/assets.index.template.html'] = '\\","<!doctype html>\\n\\","<html lang=\"en\">\\n\\","<head>\\n\\","<meta charset=\"UTF-8\">\\n\\","<meta name=\"viewport\" content=\"width=device-width, initial-scale=1\">\\n\\","<title>{{env.npm_package_name}} (v{{env.npm_package_version}})</title>\\n\\","<style>\\n\\","/*csslint\\n\\","    box-sizing: false,\\n\\","    universal-selector: false\\n\\","*/\\n\\","* {\\n\\","    box-sizing: border-box;\\n\\","}\\n\\","body {\\n\\","    background: #dde;\\n\\","    font-family: Arial, Helvetica, sans-serif;\\n\\","    margin: 2rem;\\n\\","}\\n\\","body > * {\\n\\","    margin-bottom: 1rem;\\n\\","}\\n\\",".utility2FooterDiv {\\n\\","    margin-top: 20px;\\n\\","    text-align: center;\\n\\","}\\n\\","</style>\\n\\","<style>\\n\\","/*csslint\\n\\","*/\\n\\","textarea {\\n\\","    font-family: monospace;\\n\\","    height: 10rem;\\n\\","    width: 100%;\\n\\","}\\n\\","textarea[readonly] {\\n\\","    background: #ddd;\\n\\","}\\n\\","</style>\\n\\","</head>\\n\\","<body>\\n\\","<!-- utility2-comment\\n\\","<div id=\"ajaxProgressDiv1\" style=\"background: #d00; height: 2px; left: 0; margin: 0; padding: 0; position: fixed; top: 0; transition: background 0.5s, width 1.5s; width: 25%;\"></div>\\n\\","utility2-comment -->\\n\\","<h1>\\n\\","<!-- utility2-comment\\n\\","    <a\\n\\","        {{#if env.npm_package_homepage}}\\n\\","        href=\"{{env.npm_package_homepage}}\"\\n\\","        {{/if env.npm_package_homepage}}\\n\\","        target=\"_blank\"\\n\\","    >\\n\\","utility2-comment -->\\n\\","        {{env.npm_package_name}} (v{{env.npm_package_version}})\\n\\","<!-- utility2-comment\\n\\","    </a>\\n\\","utility2-comment -->\\n\\","</h1>\\n\\","<h3>{{env.npm_package_description}}</h3>\\n\\","<!-- utility2-comment\\n\\","<h4><a download href=\"assets.app.js\">download standalone app</a></h4>\\n\\","<button class=\"onclick onreset\" id=\"testRunButton1\">run internal test</button><br>\\n\\","<div id=\"testReportDiv1\" style=\"display: none;\"></div>\\n\\","utility2-comment -->\\n\\","\\n\\","\\n\\","\\n\\","<label>stderr and stdout</label>\\n\\","<textarea class=\"resettable\" id=\"outputTextareaStdout1\" readonly></textarea>\\n\\","<!-- utility2-comment\\n\\","{{#if isRollup}}\\n\\","<script src=\"assets.app.js\"></script>\\n\\","{{#unless isRollup}}\\n\\","utility2-comment -->\\n\\","<script src=\"assets.utility2.rollup.js\"></script>\\n\\","<script src=\"jsonp.utility2._stateInit?callback=window.utility2._stateInit\"></script>\\n\\","<script src=\"assets.npmtest_highland.rollup.js\"></script>\\n\\","<script src=\"assets.example.js\"></script>\\n\\","<script src=\"assets.test.js\"></script>\\n\\","<!-- utility2-comment\\n\\","{{/if isRollup}}\\n\\","utility2-comment -->\\n\\","<div class=\"utility2FooterDiv\">\\n\\","    [ this app was created with\\n\\","    <a href=\"https://github.com/kaizhu256/node-utility2\" target=\"_blank\">utility2</a>\\n\\","    ]\\n\\","</div>\\n\\","</body>\\n\\","</html>\\n\\","';","        /* jslint-ignore-end */","        if (local.templateRender) {","            local.assetsDict['/'] = local.templateRender(","                local.assetsDict['/assets.index.template.html'],","                {","                    env: local.objectSetDefault(local.env, {","                        npm_package_description: 'the greatest app in the world!',","                        npm_package_name: 'my-app',","                        npm_package_nameAlias: 'my_app',","                        npm_package_version: '0.0.1'","                    })","                }","            );","        } else {","            local.assetsDict['/'] = local.assetsDict['/assets.index.template.html']","                .replace((/\\{\\{env\\.(\\w+?)\\}\\}/g), function (match0, match1) {","                    // jslint-hack","                    String(match0);","                    switch (match1) {","                    case 'npm_package_description':","                        return 'the greatest app in the world!';","                    case 'npm_package_name':","                        return 'my-app';","                    case 'npm_package_nameAlias':","                        return 'my_app';","                    case 'npm_package_version':","                        return '0.0.1';","                    }","                });","        }","        // run the cli","        if (local.global.utility2_rollup || module !== require.main) {","            break;","        }","        local.assetsDict['/assets.example.js'] =","            local.assetsDict['/assets.example.js'] ||","            local.fs.readFileSync(__filename, 'utf8');","        // bug-workaround - long $npm_package_buildCustomOrg","        /* jslint-ignore-begin */","        local.assetsDict['/assets.npmtest_highland.rollup.js'] =","            local.assetsDict['/assets.npmtest_highland.rollup.js'] ||","            local.fs.readFileSync(","                local.npmtest_highland.__dirname + '/lib.npmtest_highland.js',","                'utf8'","            ).replace((/^#!/), '//');","        /* jslint-ignore-end */","        local.assetsDict['/favicon.ico'] = local.assetsDict['/favicon.ico'] || '';","        // if $npm_config_timeout_exit exists,","        // then exit this process after $npm_config_timeout_exit ms","        if (Number(process.env.npm_config_timeout_exit)) {","            setTimeout(process.exit, Number(process.env.npm_config_timeout_exit));","        }","        // start server","        if (local.global.utility2_serverHttp1) {","            break;","        }","        process.env.PORT = process.env.PORT || '8081';","        console.error('server starting on port ' + process.env.PORT);","        local.http.createServer(function (request, response) {","            request.urlParsed = local.url.parse(request.url);","            if (local.assetsDict[request.urlParsed.pathname] !== undefined) {","                response.end(local.assetsDict[request.urlParsed.pathname]);","                return;","            }","            response.statusCode = 404;","            response.end();","        }).listen(process.env.PORT);","        break;","    }","}());",""],"l":{"26":2,"28":2,"33":2,"35":2,"37":2,"38":2,"39":2,"44":1,"51":2,"55":2,"59":2,"61":2,"69":1,"70":2,"76":2,"79":2,"82":2,"83":2,"85":1,"89":2,"92":1,"93":1,"94":1,"96":1,"97":1,"100":1,"101":1,"103":1,"106":1,"108":2,"114":1,"116":1,"118":1,"123":1,"124":2,"125":2,"126":3,"127":3,"128":3,"129":3,"130":1,"133":3,"134":3,"139":3,"143":1,"144":3,"145":1,"149":1,"150":1,"158":1,"160":1,"161":1,"162":1,"164":1,"166":1,"258":1,"259":1,"271":1,"274":6,"275":6,"277":1,"279":2,"281":1,"283":2,"288":1,"289":1,"291":1,"296":1,"303":1,"306":1,"307":1,"310":1,"311":1,"313":1,"314":1,"315":1,"316":1,"317":1,"318":1,"319":1,"321":1,"322":1,"324":1}},"/home/travis/build/npmtest/node-npmtest-highland/node_modules/highland/lib/index.js":{"path":"/home/travis/build/npmtest/node-npmtest-highland/node_modules/highland/lib/index.js","s":{"1":1,"2":1,"3":1,"4":1,"5":1,"6":0,"7":1,"8":1,"9":1,"10":1,"11":1,"12":1,"13":0,"14":1,"15":0,"16":1,"17":0,"18":1,"19":0,"20":1,"21":0,"22":1,"23":0,"24":0,"25":1,"26":0,"27":0,"28":1,"29":1,"30":1,"31":1,"32":0,"33":0,"34":1,"35":1,"36":1,"37":1,"38":6,"39":6,"40":1,"41":63,"42":63,"43":0,"44":63,"45":1,"46":63,"47":63,"48":0,"49":1,"50":0,"51":1,"52":0,"53":0,"54":1,"55":0,"56":0,"57":0,"58":0,"59":0,"60":0,"61":0,"62":0,"63":1,"64":1,"65":0,"66":0,"67":0,"68":1,"69":0,"70":0,"71":0,"72":0,"73":0,"74":0,"75":0,"76":0,"77":0,"78":0,"79":0,"80":1,"81":0,"82":0,"83":0,"84":0,"85":0,"86":0,"87":0,"88":1,"89":0,"90":0,"91":0,"92":0,"93":0,"94":0,"95":0,"96":1,"97":0,"98":0,"99":0,"100":0,"101":0,"102":0,"103":0,"104":0,"105":0,"106":0,"107":0,"108":0,"109":0,"110":0,"111":0,"112":0,"113":0,"114":0,"115":0,"116":1,"117":0,"118":0,"119":0,"120":0,"121":0,"122":0,"123":0,"124":0,"125":0,"126":0,"127":0,"128":0,"129":0,"130":0,"131":1,"132":0,"133":0,"134":0,"135":0,"136":0,"137":0,"138":0,"139":0,"140":0,"141":0,"142":0,"143":0,"144":0,"145":0,"146":0,"147":0,"148":1,"149":0,"150":0,"151":0,"152":0,"153":0,"154":0,"155":0,"156":0,"157":0,"158":0,"159":0,"160":0,"161":0,"162":0,"163":0,"164":0,"165":0,"166":0,"167":0,"168":0,"169":0,"170":1,"171":0,"172":0,"173":0,"174":0,"175":1,"176":0,"177":0,"178":0,"179":0,"180":1,"181":0,"182":0,"183":0,"184":0,"185":0,"186":0,"187":0,"188":0,"189":0,"190":0,"191":0,"192":0,"193":0,"194":0,"195":0,"196":0,"197":0,"198":0,"199":0,"200":0,"201":0,"202":0,"203":0,"204":0,"205":0,"206":0,"207":0,"208":0,"209":0,"210":0,"211":0,"212":0,"213":0,"214":0,"215":0,"216":0,"217":0,"218":0,"219":0,"220":0,"221":0,"222":0,"223":0,"224":0,"225":0,"226":0,"227":0,"228":0,"229":0,"230":0,"231":0,"232":0,"233":0,"234":0,"235":0,"236":0,"237":0,"238":0,"239":0,"240":0,"241":0,"242":0,"243":0,"244":0,"245":0,"246":0,"247":0,"248":0,"249":0,"250":0,"251":0,"252":0,"253":0,"254":0,"255":0,"256":0,"257":0,"258":0,"259":0,"260":1,"261":1,"262":0,"263":1,"264":0,"265":0,"266":0,"267":1,"268":57,"269":57,"270":57,"271":0,"272":0,"273":0,"274":1,"275":0,"276":0,"277":1,"278":0,"279":0,"280":1,"281":0,"282":1,"283":0,"284":1,"285":0,"286":1,"287":0,"288":0,"289":0,"290":0,"291":0,"292":0,"293":0,"294":0,"295":0,"296":0,"297":0,"298":0,"299":0,"300":0,"301":0,"302":0,"303":0,"304":0,"305":0,"306":1,"307":0,"308":0,"309":0,"310":0,"311":0,"312":0,"313":0,"314":0,"315":0,"316":0,"317":0,"318":0,"319":0,"320":0,"321":0,"322":0,"323":0,"324":0,"325":0,"326":0,"327":0,"328":0,"329":0,"330":0,"331":0,"332":0,"333":0,"334":1,"335":0,"336":0,"337":0,"338":1,"339":0,"340":0,"341":0,"342":0,"343":0,"344":0,"345":0,"346":0,"347":0,"348":0,"349":1,"350":0,"351":0,"352":0,"353":0,"354":0,"355":0,"356":0,"357":0,"358":0,"359":0,"360":0,"361":1,"362":0,"363":0,"364":0,"365":0,"366":0,"367":0,"368":0,"369":0,"370":0,"371":0,"372":0,"373":1,"374":0,"375":0,"376":0,"377":0,"378":0,"379":0,"380":0,"381":0,"382":0,"383":0,"384":0,"385":0,"386":0,"387":0,"388":0,"389":0,"390":0,"391":1,"392":0,"393":1,"394":0,"395":0,"396":0,"397":1,"398":0,"399":0,"400":0,"401":0,"402":0,"403":0,"404":0,"405":1,"406":0,"407":0,"408":0,"409":0,"410":0,"411":1,"412":0,"413":0,"414":0,"415":0,"416":1,"417":0,"418":0,"419":0,"420":0,"421":0,"422":0,"423":0,"424":0,"425":0,"426":0,"427":0,"428":0,"429":0,"430":1,"431":0,"432":0,"433":0,"434":0,"435":0,"436":1,"437":0,"438":0,"439":0,"440":0,"441":0,"442":0,"443":0,"444":0,"445":1,"446":0,"447":0,"448":0,"449":0,"450":1,"451":0,"452":0,"453":0,"454":0,"455":0,"456":0,"457":0,"458":0,"459":0,"460":0,"461":0,"462":0,"463":0,"464":0,"465":0,"466":0,"467":0,"468":0,"469":0,"470":0,"471":0,"472":0,"473":0,"474":0,"475":0,"476":0,"477":0,"478":0,"479":0,"480":0,"481":0,"482":0,"483":0,"484":0,"485":0,"486":0,"487":0,"488":0,"489":0,"490":0,"491":0,"492":0,"493":0,"494":0,"495":0,"496":0,"497":0,"498":0,"499":0,"500":0,"501":0,"502":0,"503":1,"504":1,"505":0,"506":0,"507":0,"508":0,"509":0,"510":1,"511":0,"512":0,"513":0,"514":0,"515":0,"516":0,"517":0,"518":0,"519":0,"520":0,"521":1,"522":1,"523":0,"524":0,"525":0,"526":0,"527":0,"528":0,"529":0,"530":0,"531":1,"532":0,"533":0,"534":0,"535":0,"536":0,"537":0,"538":1,"539":0,"540":0,"541":0,"542":0,"543":0,"544":0,"545":0,"546":0,"547":1,"548":1,"549":0,"550":0,"551":0,"552":0,"553":0,"554":0,"555":0,"556":0,"557":1,"558":1,"559":0,"560":0,"561":0,"562":0,"563":0,"564":0,"565":0,"566":0,"567":0,"568":0,"569":1,"570":1,"571":0,"572":0,"573":1,"574":1,"575":0,"576":0,"577":0,"578":0,"579":0,"580":1,"581":0,"582":0,"583":0,"584":0,"585":0,"586":0,"587":0,"588":0,"589":0,"590":0,"591":1,"592":0,"593":0,"594":0,"595":0,"596":0,"597":0,"598":0,"599":0,"600":0,"601":0,"602":0,"603":0,"604":0,"605":0,"606":0,"607":0,"608":0,"609":0,"610":1,"611":1,"612":0,"613":0,"614":0,"615":0,"616":0,"617":0,"618":0,"619":0,"620":0,"621":0,"622":0,"623":0,"624":0,"625":0,"626":0,"627":0,"628":0,"629":1,"630":1,"631":0,"632":0,"633":0,"634":1,"635":1,"636":1,"637":1,"638":0,"639":0,"640":0,"641":0,"642":0,"643":0,"644":0,"645":0,"646":0,"647":0,"648":0,"649":0,"650":0,"651":0,"652":0,"653":0,"654":0,"655":1,"656":1,"657":0,"658":1,"659":1,"660":0,"661":0,"662":0,"663":0,"664":0,"665":0,"666":0,"667":0,"668":0,"669":0,"670":0,"671":1,"672":1,"673":0,"674":0,"675":0,"676":1,"677":0,"678":0,"679":0,"680":0,"681":1,"682":0,"683":0,"684":0,"685":0,"686":0,"687":0,"688":0,"689":0,"690":0,"691":0,"692":1,"693":1,"694":0,"695":0,"696":0,"697":0,"698":0,"699":0,"700":0,"701":1,"702":1,"703":0,"704":0,"705":0,"706":0,"707":0,"708":0,"709":0,"710":0,"711":0,"712":0,"713":0,"714":0,"715":0,"716":0,"717":0,"718":1,"719":1,"720":0,"721":0,"722":0,"723":1,"724":0,"725":0,"726":0,"727":1,"728":1,"729":0,"730":1,"731":1,"732":0,"733":1,"734":1,"735":0,"736":1,"737":1,"738":0,"739":0,"740":0,"741":0,"742":0,"743":0,"744":0,"745":1,"746":1,"747":0,"748":0,"749":1,"750":1,"751":0,"752":0,"753":0,"754":0,"755":0,"756":1,"757":1,"758":0,"759":0,"760":0,"761":0,"762":0,"763":0,"764":0,"765":0,"766":0,"767":0,"768":0,"769":0,"770":0,"771":0,"772":0,"773":0,"774":0,"775":0,"776":0,"777":0,"778":0,"779":0,"780":1,"781":1,"782":0,"783":0,"784":0,"785":0,"786":0,"787":0,"788":0,"789":0,"790":0,"791":0,"792":0,"793":0,"794":0,"795":0,"796":0,"797":0,"798":0,"799":0,"800":1,"801":1,"802":0,"803":0,"804":0,"805":1,"806":0,"807":0,"808":0,"809":0,"810":0,"811":0,"812":0,"813":0,"814":0,"815":0,"816":0,"817":0,"818":0,"819":0,"820":0,"821":0,"822":0,"823":0,"824":0,"825":0,"826":0,"827":1,"828":1,"829":0,"830":1,"831":1,"832":0,"833":1,"834":1,"835":0,"836":1,"837":1,"838":0,"839":0,"840":0,"841":0,"842":0,"843":0,"844":0,"845":0,"846":0,"847":0,"848":0,"849":0,"850":0,"851":0,"852":0,"853":0,"854":0,"855":0,"856":0,"857":0,"858":1,"859":1,"860":0,"861":0,"862":0,"863":0,"864":0,"865":0,"866":0,"867":0,"868":0,"869":0,"870":0,"871":0,"872":1,"873":1,"874":0,"875":0,"876":1,"877":0,"878":0,"879":0,"880":0,"881":0,"882":0,"883":0,"884":0,"885":0,"886":0,"887":0,"888":0,"889":0,"890":0,"891":0,"892":0,"893":1,"894":1,"895":0,"896":1,"897":1,"898":0,"899":0,"900":0,"901":0,"902":0,"903":0,"904":0,"905":0,"906":0,"907":0,"908":0,"909":0,"910":0,"911":0,"912":0,"913":0,"914":0,"915":0,"916":1,"917":1,"918":0,"919":0,"920":0,"921":1,"922":1,"923":0,"924":1,"925":1,"926":0,"927":1,"928":1,"929":0,"930":0,"931":0,"932":0,"933":0,"934":0,"935":0,"936":0,"937":0,"938":0,"939":0,"940":0,"941":1,"942":1,"943":0,"944":1,"945":1,"946":0,"947":1,"948":1,"949":0,"950":0,"951":0,"952":0,"953":0,"954":0,"955":0,"956":0,"957":1,"958":0,"959":1,"960":1,"961":0,"962":0,"963":0,"964":0,"965":0,"966":0,"967":0,"968":0,"969":0,"970":0,"971":0,"972":0,"973":0,"974":0,"975":0,"976":0,"977":0,"978":0,"979":0,"980":0,"981":0,"982":0,"983":0,"984":1,"985":0,"986":0,"987":0,"988":0,"989":0,"990":0,"991":0,"992":0,"993":0,"994":0,"995":0,"996":0,"997":0,"998":0,"999":0,"1000":0,"1001":0,"1002":0,"1003":0,"1004":0,"1005":0,"1006":0,"1007":0,"1008":0,"1009":0,"1010":0,"1011":0,"1012":0,"1013":0,"1014":1,"1015":0,"1016":1,"1017":1,"1018":1,"1019":1,"1020":0,"1021":0,"1022":0,"1023":0,"1024":0,"1025":0,"1026":0,"1027":0,"1028":0,"1029":0,"1030":0,"1031":0,"1032":0,"1033":0,"1034":0,"1035":0,"1036":0,"1037":0,"1038":0,"1039":0,"1040":0,"1041":1,"1042":1,"1043":0,"1044":0,"1045":0,"1046":0,"1047":0,"1048":0,"1049":0,"1050":0,"1051":0,"1052":0,"1053":0,"1054":0,"1055":0,"1056":0,"1057":0,"1058":0,"1059":0,"1060":0,"1061":0,"1062":0,"1063":0,"1064":0,"1065":0,"1066":0,"1067":0,"1068":0,"1069":0,"1070":0,"1071":0,"1072":0,"1073":0,"1074":0,"1075":0,"1076":0,"1077":1,"1078":0,"1079":0,"1080":0,"1081":0,"1082":0,"1083":0,"1084":0,"1085":0,"1086":1,"1087":1,"1088":0,"1089":0,"1090":0,"1091":0,"1092":0,"1093":0,"1094":0,"1095":0,"1096":0,"1097":0,"1098":0,"1099":1,"1100":1,"1101":0,"1102":0,"1103":0,"1104":0,"1105":0,"1106":0,"1107":1,"1108":1,"1109":0,"1110":0,"1111":0,"1112":0,"1113":0,"1114":0,"1115":0,"1116":0,"1117":0,"1118":0,"1119":0,"1120":0,"1121":0,"1122":1,"1123":1,"1124":0,"1125":0,"1126":0,"1127":0,"1128":0,"1129":0,"1130":0,"1131":0,"1132":0,"1133":1,"1134":1,"1135":0,"1136":0,"1137":0,"1138":0,"1139":0,"1140":0,"1141":0,"1142":0,"1143":0,"1144":0,"1145":1,"1146":1,"1147":0,"1148":0,"1149":0,"1150":0,"1151":0,"1152":0,"1153":0,"1154":0,"1155":0,"1156":0,"1157":0,"1158":0,"1159":0,"1160":0,"1161":1,"1162":1,"1163":0,"1164":0,"1165":0,"1166":0,"1167":0,"1168":0,"1169":0,"1170":0,"1171":0,"1172":1,"1173":1,"1174":0,"1175":1,"1176":0,"1177":1,"1178":0,"1179":1,"1180":0,"1181":0,"1182":1,"1183":0,"1184":0,"1185":0,"1186":0,"1187":0,"1188":0,"1189":0,"1190":0,"1191":0,"1192":0,"1193":0,"1194":0,"1195":0,"1196":0,"1197":0,"1198":0,"1199":0,"1200":1,"1201":0,"1202":0,"1203":0,"1204":0,"1205":1,"1206":0,"1207":0,"1208":0,"1209":0,"1210":0,"1211":1,"1212":1,"1213":0,"1214":0,"1215":0,"1216":0,"1217":0,"1218":0,"1219":1,"1220":1,"1221":0,"1222":0,"1223":0,"1224":0,"1225":0,"1226":0,"1227":0,"1228":0,"1229":0,"1230":0,"1231":0,"1232":0,"1233":0,"1234":1,"1235":0,"1236":0,"1237":0,"1238":0,"1239":0,"1240":0,"1241":0,"1242":0,"1243":0,"1244":0,"1245":0,"1246":0,"1247":0,"1248":0,"1249":0,"1250":0,"1251":1,"1252":0,"1253":0,"1254":0,"1255":0,"1256":1,"1257":0,"1258":0,"1259":0,"1260":0,"1261":0,"1262":0,"1263":0,"1264":0,"1265":0,"1266":0,"1267":0,"1268":0,"1269":0,"1270":0,"1271":0,"1272":0,"1273":0,"1274":0,"1275":1,"1276":1,"1277":0,"1278":0,"1279":0,"1280":0,"1281":0,"1282":0,"1283":0,"1284":0,"1285":0,"1286":0,"1287":0,"1288":0,"1289":0,"1290":0,"1291":0,"1292":0,"1293":0,"1294":0,"1295":0,"1296":0,"1297":0,"1298":0,"1299":0,"1300":0,"1301":0,"1302":1,"1303":1,"1304":0,"1305":0,"1306":1,"1307":1,"1308":0,"1309":0,"1310":1,"1311":1,"1312":0,"1313":0,"1314":0,"1315":0,"1316":0,"1317":0,"1318":0,"1319":0,"1320":0,"1321":0,"1322":0,"1323":0,"1324":0,"1325":1,"1326":1,"1327":0,"1328":0,"1329":0,"1330":0,"1331":0,"1332":0,"1333":0,"1334":0,"1335":0,"1336":0,"1337":0,"1338":0,"1339":0,"1340":0,"1341":0,"1342":0,"1343":0,"1344":0,"1345":1,"1346":1,"1347":0,"1348":0,"1349":0,"1350":0,"1351":0,"1352":0,"1353":0,"1354":0,"1355":0,"1356":0,"1357":0,"1358":0,"1359":0,"1360":0,"1361":0,"1362":0,"1363":0,"1364":0,"1365":0,"1366":0,"1367":0,"1368":0,"1369":0,"1370":0,"1371":0,"1372":0,"1373":0,"1374":1,"1375":1,"1376":0,"1377":0,"1378":1,"1379":0,"1380":0,"1381":0,"1382":0,"1383":0,"1384":1,"1385":0,"1386":1,"1387":0,"1388":0,"1389":1,"1390":0,"1391":0,"1392":0,"1393":0,"1394":1,"1395":0,"1396":1,"1397":0,"1398":0,"1399":1,"1400":0,"1401":1,"1402":0,"1403":0,"1404":0,"1405":0,"1406":0,"1407":0,"1408":0,"1409":0,"1410":0,"1411":0,"1412":0,"1413":0,"1414":0,"1415":1,"1416":0,"1417":0,"1418":0,"1419":0,"1420":0,"1421":1,"1422":0,"1423":0,"1424":0,"1425":0,"1426":0,"1427":0,"1428":0,"1429":0,"1430":0,"1431":1,"1432":0,"1433":0,"1434":0,"1435":0,"1436":0,"1437":0,"1438":0,"1439":0,"1440":0,"1441":0,"1442":0,"1443":0,"1444":1,"1445":0,"1446":0,"1447":0,"1448":0,"1449":0,"1450":0,"1451":0,"1452":1,"1453":0,"1454":1,"1455":0},"b":{"1":[1,1],"2":[0,0],"3":[1,0],"4":[0,1],"5":[0,1],"6":[1,1],"7":[1,0],"8":[0,0],"9":[1,0],"10":[0,63],"11":[0,0],"12":[0,0],"13":[0,0],"14":[0,0],"15":[0,0],"16":[0,0],"17":[0,0],"18":[0,0],"19":[0,0],"20":[0,0],"21":[0,0],"22":[0,0],"23":[0,0],"24":[0,0],"25":[0,0],"26":[0,0],"27":[0,0],"28":[0,0],"29":[0,0],"30":[0,0],"31":[0,0],"32":[0,0],"33":[0,0],"34":[0,0],"35":[0,0],"36":[0,0],"37":[0,0],"38":[0,0],"39":[0,0],"40":[0,0],"41":[0,0],"42":[0,0],"43":[0,0],"44":[0,0],"45":[0,0],"46":[0,0],"47":[0,0],"48":[0,0],"49":[0,0],"50":[0,0],"51":[0,0],"52":[0,0],"53":[0,0],"54":[0,0],"55":[0,0],"56":[0,0],"57":[0,0],"58":[0,0],"59":[0,0],"60":[0,0],"61":[0,0],"62":[0,0],"63":[0,0],"64":[0,0],"65":[0,0],"66":[0,0],"67":[0,0],"68":[0,0],"69":[0,0],"70":[0,0],"71":[0,0],"72":[0,0],"73":[0,0],"74":[0,0],"75":[0,0],"76":[0,0],"77":[0,0],"78":[0,0],"79":[0,0],"80":[0,0],"81":[0,0],"82":[0,0],"83":[0,0],"84":[0,0],"85":[0,0],"86":[0,0],"87":[0,0],"88":[0,0],"89":[0,0],"90":[0,0],"91":[0,0],"92":[0,0],"93":[0,0],"94":[0,0],"95":[0,0],"96":[0,0,0],"97":[0,0],"98":[0,0],"99":[0,0],"100":[0,0],"101":[0,0],"102":[0,0],"103":[0,0],"104":[0,0],"105":[0,0],"106":[0,0],"107":[0,0],"108":[0,0],"109":[0,0],"110":[0,0],"111":[0,0],"112":[0,0],"113":[0,0],"114":[0,0],"115":[0,0],"116":[0,0],"117":[0,0],"118":[0,0],"119":[0,0],"120":[0,0],"121":[0,0],"122":[0,0],"123":[0,0],"124":[0,0],"125":[0,0],"126":[0,0],"127":[0,0],"128":[0,0],"129":[0,0],"130":[0,0],"131":[0,0],"132":[0,0],"133":[0,0],"134":[0,0],"135":[0,0],"136":[0,0],"137":[0,0],"138":[0,0],"139":[0,0],"140":[0,0],"141":[0,0],"142":[0,0],"143":[0,0],"144":[0,0],"145":[0,0],"146":[0,0],"147":[0,0],"148":[0,0],"149":[0,0],"150":[0,0],"151":[0,0],"152":[0,0],"153":[0,0],"154":[0,0],"155":[0,0],"156":[0,0],"157":[0,0],"158":[0,0],"159":[0,0],"160":[0,0],"161":[0,0],"162":[0,0],"163":[0,0],"164":[0,0],"165":[0,0],"166":[0,0],"167":[0,0],"168":[0,0],"169":[0,0],"170":[0,0],"171":[0,0],"172":[0,0],"173":[0,0],"174":[0,0],"175":[0,0],"176":[0,0],"177":[0,0],"178":[0,0],"179":[0,0],"180":[0,0],"181":[0,0],"182":[0,0],"183":[0,0],"184":[0,0],"185":[0,0],"186":[0,0],"187":[0,0],"188":[0,0],"189":[0,0],"190":[0,0],"191":[0,0],"192":[0,0],"193":[0,0],"194":[0,0],"195":[0,0],"196":[0,0],"197":[0,0],"198":[0,0],"199":[0,0],"200":[0,0],"201":[0,0],"202":[0,0],"203":[0,0],"204":[0,0],"205":[0,0],"206":[0,0],"207":[0,0],"208":[0,0],"209":[0,0],"210":[0,0],"211":[0,0],"212":[0,0],"213":[0,0],"214":[0,0],"215":[0,0],"216":[0,0],"217":[0,0],"218":[0,0],"219":[0,0],"220":[0,0],"221":[0,0],"222":[0,0],"223":[0,0],"224":[0,0],"225":[0,0],"226":[0,0],"227":[0,0,0],"228":[0,0],"229":[0,0],"230":[0,0],"231":[0,0],"232":[0,0],"233":[0,0],"234":[0,0],"235":[0,0],"236":[0,0],"237":[0,0],"238":[0,0],"239":[0,0],"240":[0,0],"241":[0,0],"242":[0,0],"243":[0,0],"244":[0,0],"245":[0,0],"246":[0,0],"247":[0,0],"248":[0,0],"249":[0,0],"250":[0,0],"251":[0,0],"252":[0,0],"253":[0,0],"254":[0,0],"255":[0,0],"256":[0,0],"257":[0,0],"258":[0,0],"259":[0,0],"260":[0,0],"261":[0,0],"262":[0,0],"263":[0,0],"264":[0,0],"265":[0,0],"266":[0,0],"267":[0,0],"268":[0,0],"269":[0,0],"270":[0,0],"271":[0,0],"272":[0,0],"273":[0,0],"274":[0,0],"275":[0,0],"276":[0,0],"277":[0,0],"278":[0,0],"279":[0,0],"280":[0,0],"281":[0,0],"282":[0,0],"283":[0,0],"284":[0,0],"285":[0,0],"286":[0,0],"287":[0,0],"288":[0,0],"289":[0,0,0],"290":[0,0],"291":[0,0],"292":[0,0],"293":[0,0],"294":[0,0],"295":[0,0],"296":[0,0],"297":[0,0],"298":[0,0],"299":[0,0],"300":[0,0],"301":[0,0],"302":[0,0],"303":[0,0,0,0],"304":[0,0],"305":[0,0],"306":[0,0]},"f":{"1":0,"2":1,"3":0,"4":0,"5":0,"6":0,"7":0,"8":0,"9":0,"10":6,"11":63,"12":63,"13":0,"14":0,"15":0,"16":0,"17":0,"18":0,"19":0,"20":0,"21":0,"22":0,"23":0,"24":0,"25":0,"26":0,"27":0,"28":0,"29":0,"30":0,"31":0,"32":0,"33":0,"34":0,"35":0,"36":0,"37":0,"38":0,"39":0,"40":0,"41":0,"42":0,"43":0,"44":0,"45":0,"46":0,"47":0,"48":0,"49":0,"50":0,"51":0,"52":0,"53":0,"54":57,"55":0,"56":0,"57":0,"58":0,"59":0,"60":0,"61":0,"62":0,"63":0,"64":0,"65":0,"66":0,"67":0,"68":0,"69":0,"70":0,"71":0,"72":0,"73":0,"74":0,"75":0,"76":0,"77":0,"78":0,"79":0,"80":0,"81":0,"82":0,"83":0,"84":0,"85":0,"86":0,"87":0,"88":0,"89":0,"90":0,"91":0,"92":0,"93":0,"94":0,"95":0,"96":0,"97":0,"98":0,"99":0,"100":0,"101":0,"102":0,"103":0,"104":0,"105":0,"106":0,"107":0,"108":0,"109":0,"110":0,"111":0,"112":0,"113":0,"114":0,"115":0,"116":0,"117":0,"118":0,"119":0,"120":0,"121":0,"122":0,"123":0,"124":0,"125":0,"126":0,"127":0,"128":0,"129":0,"130":0,"131":0,"132":0,"133":0,"134":0,"135":0,"136":0,"137":0,"138":0,"139":0,"140":0,"141":0,"142":0,"143":0,"144":0,"145":0,"146":0,"147":0,"148":0,"149":0,"150":0,"151":0,"152":0,"153":0,"154":0,"155":0,"156":0,"157":0,"158":0,"159":0,"160":0,"161":0,"162":0,"163":0,"164":0,"165":0,"166":0,"167":0,"168":0,"169":0,"170":0,"171":0,"172":0,"173":0,"174":0,"175":0,"176":0,"177":0,"178":0,"179":0,"180":0,"181":0,"182":0,"183":0,"184":0,"185":0,"186":0,"187":0,"188":0,"189":0,"190":0,"191":0,"192":0,"193":0,"194":0,"195":0,"196":0,"197":0,"198":0,"199":0,"200":0,"201":0,"202":0,"203":0,"204":0,"205":0,"206":0,"207":0,"208":0,"209":0,"210":0,"211":0,"212":0,"213":0,"214":0,"215":0,"216":0,"217":0,"218":0,"219":0,"220":0,"221":0,"222":0,"223":0,"224":0,"225":0,"226":0,"227":0,"228":0,"229":0,"230":0,"231":0,"232":0,"233":0,"234":0,"235":0,"236":0,"237":0,"238":0,"239":0,"240":0,"241":0,"242":0,"243":0,"244":0,"245":0,"246":0,"247":0,"248":0,"249":0,"250":0,"251":0,"252":0,"253":0,"254":0,"255":0,"256":0,"257":0,"258":0,"259":0,"260":0,"261":0,"262":0,"263":0},"fnMap":{"1":{"name":"(anonymous_1)","line":179,"loc":{"start":{"line":179,"column":27},"end":{"line":179,"column":102}}},"2":{"name":"(anonymous_2)","line":191,"loc":{"start":{"line":191,"column":13},"end":{"line":191,"column":25}}},"3":{"name":"(anonymous_3)","line":197,"loc":{"start":{"line":197,"column":16},"end":{"line":197,"column":29}}},"4":{"name":"(anonymous_4)","line":201,"loc":{"start":{"line":201,"column":15},"end":{"line":201,"column":28}}},"5":{"name":"(anonymous_5)","line":205,"loc":{"start":{"line":205,"column":13},"end":{"line":205,"column":26}}},"6":{"name":"(anonymous_6)","line":209,"loc":{"start":{"line":209,"column":13},"end":{"line":209,"column":26}}},"7":{"name":"(anonymous_7)","line":213,"loc":{"start":{"line":213,"column":29},"end":{"line":213,"column":42}}},"8":{"name":"(anonymous_8)","line":219,"loc":{"start":{"line":219,"column":21},"end":{"line":219,"column":35}}},"9":{"name":"(anonymous_9)","line":226,"loc":{"start":{"line":226,"column":21},"end":{"line":226,"column":35}}},"10":{"name":"(anonymous_10)","line":304,"loc":{"start":{"line":304,"column":10},"end":{"line":304,"column":38}}},"11":{"name":"(anonymous_11)","line":333,"loc":{"start":{"line":333,"column":11},"end":{"line":333,"column":42}}},"12":{"name":"(anonymous_12)","line":362,"loc":{"start":{"line":362,"column":12},"end":{"line":362,"column":39}}},"13":{"name":"(anonymous_13)","line":364,"loc":{"start":{"line":364,"column":11},"end":{"line":364,"column":23}}},"14":{"name":"(anonymous_14)","line":386,"loc":{"start":{"line":386,"column":17},"end":{"line":386,"column":37}}},"15":{"name":"(anonymous_15)","line":406,"loc":{"start":{"line":406,"column":12},"end":{"line":406,"column":40}}},"16":{"name":"(anonymous_16)","line":427,"loc":{"start":{"line":427,"column":8},"end":{"line":427,"column":20}}},"17":{"name":"(anonymous_17)","line":429,"loc":{"start":{"line":429,"column":11},"end":{"line":429,"column":23}}},"18":{"name":"nop","line":441,"loc":{"start":{"line":441,"column":0},"end":{"line":441,"column":15}}},"19":{"name":"defaultReadableOnFinish","line":445,"loc":{"start":{"line":445,"column":0},"end":{"line":445,"column":53}}},"20":{"name":"(anonymous_20)","line":455,"loc":{"start":{"line":455,"column":11},"end":{"line":455,"column":23}}},"21":{"name":"pipeReadable","line":460,"loc":{"start":{"line":460,"column":0},"end":{"line":460,"column":44}}},"22":{"name":"streamEndCb","line":480,"loc":{"start":{"line":480,"column":4},"end":{"line":480,"column":32}}},"23":{"name":"unbind","line":495,"loc":{"start":{"line":495,"column":4},"end":{"line":495,"column":22}}},"24":{"name":"promiseStream","line":512,"loc":{"start":{"line":512,"column":0},"end":{"line":512,"column":32}}},"25":{"name":"(anonymous_25)","line":514,"loc":{"start":{"line":514,"column":13},"end":{"line":514,"column":29}}},"26":{"name":"(anonymous_26)","line":520,"loc":{"start":{"line":520,"column":31},"end":{"line":520,"column":48}}},"27":{"name":"(anonymous_27)","line":522,"loc":{"start":{"line":522,"column":27},"end":{"line":522,"column":39}}},"28":{"name":"(anonymous_28)","line":527,"loc":{"start":{"line":527,"column":11},"end":{"line":527,"column":26}}},"29":{"name":"(anonymous_29)","line":529,"loc":{"start":{"line":529,"column":27},"end":{"line":529,"column":39}}},"30":{"name":"(anonymous_30)","line":539,"loc":{"start":{"line":539,"column":31},"end":{"line":539,"column":43}}},"31":{"name":"(anonymous_31)","line":541,"loc":{"start":{"line":541,"column":35},"end":{"line":541,"column":47}}},"32":{"name":"iteratorStream","line":551,"loc":{"start":{"line":551,"column":0},"end":{"line":551,"column":28}}},"33":{"name":"(anonymous_33)","line":552,"loc":{"start":{"line":552,"column":13},"end":{"line":552,"column":35}}},"34":{"name":"hintMapper","line":583,"loc":{"start":{"line":583,"column":0},"end":{"line":583,"column":33}}},"35":{"name":"(anonymous_35)","line":591,"loc":{"start":{"line":591,"column":17},"end":{"line":591,"column":29}}},"36":{"name":"(anonymous_36)","line":596,"loc":{"start":{"line":596,"column":17},"end":{"line":596,"column":29}}},"37":{"name":"(anonymous_37)","line":598,"loc":{"start":{"line":598,"column":38},"end":{"line":598,"column":64}}},"38":{"name":"(anonymous_38)","line":605,"loc":{"start":{"line":605,"column":17},"end":{"line":605,"column":30}}},"39":{"name":"pipeStream","line":611,"loc":{"start":{"line":611,"column":0},"end":{"line":611,"column":60}}},"40":{"name":"(anonymous_40)","line":613,"loc":{"start":{"line":613,"column":24},"end":{"line":613,"column":54}}},"41":{"name":"(anonymous_41)","line":644,"loc":{"start":{"line":644,"column":26},"end":{"line":644,"column":38}}},"42":{"name":"onConsumerDrain","line":653,"loc":{"start":{"line":653,"column":4},"end":{"line":653,"column":31}}},"43":{"name":"generatorPush","line":662,"loc":{"start":{"line":662,"column":0},"end":{"line":662,"column":38}}},"44":{"name":"(anonymous_44)","line":667,"loc":{"start":{"line":667,"column":11},"end":{"line":667,"column":29}}},"45":{"name":"Stream","line":679,"loc":{"start":{"line":679,"column":0},"end":{"line":679,"column":80}}},"46":{"name":"(anonymous_46)","line":718,"loc":{"start":{"line":718,"column":27},"end":{"line":718,"column":41}}},"47":{"name":"(anonymous_47)","line":731,"loc":{"start":{"line":731,"column":30},"end":{"line":731,"column":44}}},"48":{"name":"(anonymous_48)","line":753,"loc":{"start":{"line":753,"column":31},"end":{"line":753,"column":44}}},"49":{"name":"(anonymous_49)","line":813,"loc":{"start":{"line":813,"column":28},"end":{"line":813,"column":40}}},"50":{"name":"(anonymous_50)","line":823,"loc":{"start":{"line":823,"column":35},"end":{"line":823,"column":46}}},"51":{"name":"(anonymous_51)","line":851,"loc":{"start":{"line":851,"column":7},"end":{"line":851,"column":20}}},"52":{"name":"(anonymous_52)","line":870,"loc":{"start":{"line":870,"column":14},"end":{"line":870,"column":31}}},"53":{"name":"(anonymous_53)","line":871,"loc":{"start":{"line":871,"column":13},"end":{"line":871,"column":29}}},"54":{"name":"exposeMethod","line":881,"loc":{"start":{"line":881,"column":0},"end":{"line":881,"column":28}}},"55":{"name":"(anonymous_55)","line":884,"loc":{"start":{"line":884,"column":30},"end":{"line":884,"column":42}}},"56":{"name":"StreamError","line":895,"loc":{"start":{"line":895,"column":0},"end":{"line":895,"column":26}}},"57":{"name":"StreamRedirect","line":904,"loc":{"start":{"line":904,"column":0},"end":{"line":904,"column":28}}},"58":{"name":"(anonymous_58)","line":923,"loc":{"start":{"line":923,"column":13},"end":{"line":923,"column":26}}},"59":{"name":"(anonymous_59)","line":927,"loc":{"start":{"line":927,"column":19},"end":{"line":927,"column":32}}},"60":{"name":"(anonymous_60)","line":931,"loc":{"start":{"line":931,"column":22},"end":{"line":931,"column":35}}},"61":{"name":"(anonymous_61)","line":939,"loc":{"start":{"line":939,"column":25},"end":{"line":939,"column":43}}},"62":{"name":"_onEnd","line":979,"loc":{"start":{"line":979,"column":26},"end":{"line":979,"column":44}}},"63":{"name":"(anonymous_63)","line":1039,"loc":{"start":{"line":1039,"column":25},"end":{"line":1039,"column":37}}},"64":{"name":"(anonymous_64)","line":1052,"loc":{"start":{"line":1052,"column":38},"end":{"line":1052,"column":50}}},"65":{"name":"(anonymous_65)","line":1074,"loc":{"start":{"line":1074,"column":35},"end":{"line":1074,"column":47}}},"66":{"name":"(anonymous_66)","line":1100,"loc":{"start":{"line":1100,"column":33},"end":{"line":1100,"column":45}}},"67":{"name":"(anonymous_67)","line":1121,"loc":{"start":{"line":1121,"column":27},"end":{"line":1121,"column":56}}},"68":{"name":"(anonymous_68)","line":1179,"loc":{"start":{"line":1179,"column":26},"end":{"line":1179,"column":38}}},"69":{"name":"(anonymous_69)","line":1200,"loc":{"start":{"line":1200,"column":23},"end":{"line":1200,"column":35}}},"70":{"name":"(anonymous_70)","line":1263,"loc":{"start":{"line":1263,"column":24},"end":{"line":1263,"column":49}}},"71":{"name":"(anonymous_71)","line":1293,"loc":{"start":{"line":1293,"column":27},"end":{"line":1293,"column":39}}},"72":{"name":"(anonymous_72)","line":1311,"loc":{"start":{"line":1311,"column":33},"end":{"line":1311,"column":45}}},"73":{"name":"(anonymous_73)","line":1328,"loc":{"start":{"line":1328,"column":29},"end":{"line":1328,"column":43}}},"74":{"name":"(anonymous_74)","line":1337,"loc":{"start":{"line":1337,"column":40},"end":{"line":1337,"column":53}}},"75":{"name":"(anonymous_75)","line":1371,"loc":{"start":{"line":1371,"column":32},"end":{"line":1371,"column":45}}},"76":{"name":"(anonymous_76)","line":1386,"loc":{"start":{"line":1386,"column":35},"end":{"line":1386,"column":48}}},"77":{"name":"(anonymous_77)","line":1391,"loc":{"start":{"line":1391,"column":43},"end":{"line":1391,"column":56}}},"78":{"name":"(anonymous_78)","line":1404,"loc":{"start":{"line":1404,"column":35},"end":{"line":1404,"column":48}}},"79":{"name":"(anonymous_79)","line":1405,"loc":{"start":{"line":1405,"column":45},"end":{"line":1405,"column":58}}},"80":{"name":"(anonymous_80)","line":1449,"loc":{"start":{"line":1449,"column":27},"end":{"line":1449,"column":40}}},"81":{"name":"(anonymous_81)","line":1462,"loc":{"start":{"line":1462,"column":15},"end":{"line":1462,"column":33}}},"82":{"name":"(anonymous_82)","line":1491,"loc":{"start":{"line":1491,"column":15},"end":{"line":1491,"column":29}}},"83":{"name":"(anonymous_83)","line":1517,"loc":{"start":{"line":1517,"column":14},"end":{"line":1517,"column":32}}},"84":{"name":"(anonymous_84)","line":1563,"loc":{"start":{"line":1563,"column":24},"end":{"line":1563,"column":37}}},"85":{"name":"(anonymous_85)","line":1564,"loc":{"start":{"line":1564,"column":25},"end":{"line":1564,"column":43}}},"86":{"name":"(anonymous_86)","line":1604,"loc":{"start":{"line":1604,"column":25},"end":{"line":1604,"column":38}}},"87":{"name":"(anonymous_87)","line":1669,"loc":{"start":{"line":1669,"column":37},"end":{"line":1669,"column":49}}},"88":{"name":"(anonymous_88)","line":1672,"loc":{"start":{"line":1672,"column":24},"end":{"line":1672,"column":36}}},"89":{"name":"(anonymous_89)","line":1706,"loc":{"start":{"line":1706,"column":27},"end":{"line":1706,"column":39}}},"90":{"name":"(anonymous_90)","line":1739,"loc":{"start":{"line":1739,"column":26},"end":{"line":1739,"column":39}}},"91":{"name":"(anonymous_91)","line":1740,"loc":{"start":{"line":1740,"column":24},"end":{"line":1740,"column":54}}},"92":{"name":"(anonymous_92)","line":1771,"loc":{"start":{"line":1771,"column":31},"end":{"line":1771,"column":44}}},"93":{"name":"(anonymous_93)","line":1772,"loc":{"start":{"line":1772,"column":24},"end":{"line":1772,"column":54}}},"94":{"name":"(anonymous_94)","line":1810,"loc":{"start":{"line":1810,"column":24},"end":{"line":1810,"column":37}}},"95":{"name":"(anonymous_95)","line":1812,"loc":{"start":{"line":1812,"column":25},"end":{"line":1812,"column":55}}},"96":{"name":"(anonymous_96)","line":1851,"loc":{"start":{"line":1851,"column":25},"end":{"line":1851,"column":38}}},"97":{"name":"(anonymous_97)","line":1852,"loc":{"start":{"line":1852,"column":24},"end":{"line":1852,"column":40}}},"98":{"name":"(anonymous_98)","line":1877,"loc":{"start":{"line":1877,"column":27},"end":{"line":1877,"column":40}}},"99":{"name":"(anonymous_99)","line":1879,"loc":{"start":{"line":1879,"column":31},"end":{"line":1879,"column":49}}},"100":{"name":"(anonymous_100)","line":1914,"loc":{"start":{"line":1914,"column":24},"end":{"line":1914,"column":37}}},"101":{"name":"(anonymous_101)","line":1920,"loc":{"start":{"line":1920,"column":24},"end":{"line":1920,"column":54}}},"102":{"name":"(anonymous_102)","line":1956,"loc":{"start":{"line":1956,"column":30},"end":{"line":1956,"column":44}}},"103":{"name":"(anonymous_103)","line":1960,"loc":{"start":{"line":1960,"column":17},"end":{"line":1960,"column":47}}},"104":{"name":"(anonymous_104)","line":2014,"loc":{"start":{"line":2014,"column":33},"end":{"line":2014,"column":44}}},"105":{"name":"(anonymous_105)","line":2017,"loc":{"start":{"line":2017,"column":23},"end":{"line":2017,"column":36}}},"106":{"name":"(anonymous_106)","line":2021,"loc":{"start":{"line":2021,"column":12},"end":{"line":2021,"column":24}}},"107":{"name":"(anonymous_107)","line":2025,"
[...]
bject} obj - the object to read properties from"," * @api public"," *"," * var obj = {foo: 'bar', baz: 123};"," * _.get('foo', obj) // => 'bar'"," *"," * // making use of partial application"," * var posts = ["," *   {title: 'one'},"," *   {title: 'two'},"," *   {title: 'three'}"," * ];"," *"," * _(posts).map(_.get('title'))  // => 'one', 'two', 'three'"," */","","_.get = _.curry(function (prop, obj) {","    return obj[prop];","});","","/**"," * Updates a property on an object, returning the updated object."," *"," * @id set"," * @section Objects"," * @name _.set(prop, value, obj)"," * @param {String} prop - the property to return"," * @param value - the value to set the property to"," * @param {Object} obj - the object to set properties on"," * @api public"," *"," * var obj = {foo: 'bar', baz: 123};"," * _.set('foo', 'wheeee', obj) // => {foo: 'wheeee', baz: 123}"," *"," * // making use of partial application"," * var publish = _.set('published', true);"," *"," * publish({title: 'example'})  // => {title: 'example', published: true}"," */","","_.set = _.curry(function (prop, val, obj) {","    obj[prop] = val;","    return obj;","});","","/**"," * Logs values to the console, a simple wrapper around `console.log` that"," * it suitable for passing to other functions by reference without having to"," * call `bind`."," *"," * @id log"," * @section Utils"," * @name _.log(args..)"," * @api public"," *"," * _.log('Hello, world!');"," *"," * _([1, 2, 3, 4]).each(_.log);"," */","","_.log = function () {","    console.log.apply(console, arguments);","};","","/**"," * Wraps a node-style async function which accepts a callback, transforming"," * it to a function which accepts the same arguments minus the callback and"," * returns a Highland Stream instead. The wrapped function keeps its context,"," * so you can safely use it as a method without binding (see the second"," * example below)."," *"," * `wrapCallback` also accepts an optional `mappingHint`, which specifies how"," * callback arguments are pushed to the stream. This can be used to handle"," * non-standard callback protocols that pass back more than one value."," *"," * `mappingHint` can be a function, number, or array. See the documentation on"," * [EventEmitter Stream Objects](#Stream Objects) for details on the mapping"," * hint. If `mappingHint` is a function, it will be called with all but the"," * first argument that is passed to the callback. The first is still assumed to"," * be the error argument."," *"," * @id wrapCallback"," * @section Utils"," * @name _.wrapCallback(f)"," * @param {Function} f - the node-style function to wrap"," * @param {Array | Function | Number} mappingHint - (optional) how to pass the"," * arguments to the callback"," * @api public"," *"," * var fs = require('fs');"," *"," * var readFile = _.wrapCallback(fs.readFile);"," *"," * readFile('example.txt').apply(function (data) {"," *     // data is now the contents of example.txt"," * });"," *"," * function Reader(file) {"," *     this.file = file;"," * }"," *"," * Reader.prototype.read = function(cb) {"," *     fs.readFile(this.file, cb);"," * };"," *"," * Reader.prototype.readStream = _.wrapCallback(Reader.prototype.read);"," */","","/*eslint-disable no-multi-spaces */","_.wrapCallback = function (f, /*optional*/mappingHint) {","    /*eslint-enable no-multi-spaces */","    var mapper = hintMapper(mappingHint);","","    return function () {","        var self = this;","        var args = slice.call(arguments);","        return _(function (push) {","            var cb = function (err) {","                if (err) {","                    push(err);","                }","                else {","                    var cbArgs = slice.call(arguments, 1);","                    var v = mapper.apply(this, cbArgs);","                    push(null, v);","                }","                push(null, nil);","            };","            f.apply(self, args.concat([cb]));","        });","    };","};","","/**"," * Takes an object or a constructor function and returns that object or"," * constructor with streamified versions of its function properties."," * Passed constructors will also have their prototype functions"," * streamified.  This is useful for wrapping many node style async"," * functions at once, and for preserving those functions' context."," *"," * @id streamifyAll"," * @section Utils"," * @name _.streamifyAll(source)"," * @param {Object | Function} source - the function or object with"," * node-style function properties."," * @api public"," *"," * var fs = _.streamifyAll(require('fs'));"," *"," * fs.readFileStream('example.txt').apply(function (data) {"," *     // data is now the contents of example.txt"," * });"," */","","function isClass (fn) {","    if (!(typeof fn === 'function' && fn.prototype)) { return false; }","    var getKeys = isES5 ? Object.getOwnPropertyNames : keys;","    var allKeys = getKeys(fn.prototype);","    return allKeys.length > 0 && !(allKeys.length === 1 &&","            allKeys[0] === 'constructor');","}","","function inheritedKeys (obj) {","    var allProps = {};","    var curr = obj;","    var handleProp = function (prop) {","        allProps[prop] = true;","    };","    while (Object.getPrototypeOf(curr)) {","        var props = Object.getOwnPropertyNames(curr);","        props.forEach(handleProp);","        curr = Object.getPrototypeOf(curr);","    }","    return keys(allProps);","}","","function streamifyAll (inp, suffix) {","    // will not streamify inherited functions in ES3","    var getKeys = isES5 ? inheritedKeys : keys;","    var allKeys = getKeys(inp);","","    for (var i = 0, len = allKeys.length; i < len; i++) {","        var key = allKeys[i];","        var val;","","        // will skip context aware getters","        try {","            val = inp[key];","        }","        catch (e) {","            // Ignore","        }","","        if (val && typeof val === 'function' && !isClass(val) &&","                !val.__HighlandStreamifiedFunction__) {","","            var streamified = _.wrapCallback(val);","            streamified.__HighlandStreamifiedFunction__ = true;","            inp[key + suffix] = streamified;","        }","    }","    return inp;","}","","_.streamifyAll = function (arg) {","    if (typeof arg !== 'function' && typeof arg !== 'object') {","        throw new TypeError('takes an object or a constructor function');","    }","    var suffix = 'Stream';","","    var ret = streamifyAll(arg, suffix);","    if (isClass(arg)) {","        ret.prototype = streamifyAll(arg.prototype, suffix);","    }","    return ret;","};","","/**"," * Add two values. Can be partially applied."," *"," * @id add"," * @section Operators"," * @name _.add(a, b)"," * @api public"," *"," * _.add(1, 2) === 3"," * _.add(1)(5) === 6"," */","","_.add = _.curry(function (a, b) {","    return a + b;","});","","/**"," * Perform logical negation on a value. If `x` is truthy then returns false,"," * otherwise returns true."," *"," * @id not"," * @section Operators"," * @name _.not(x)"," * @param x - the value to negate"," * @api public"," *"," * _.not(true)   // => false"," * _.not(false)  // => true"," */","","_.not = function (x) {","    return !x;","};",""],"l":{"11":1,"12":1,"13":1,"14":1,"179":1,"181":0,"184":1,"187":1,"188":1,"191":1,"193":1,"197":1,"198":0,"201":1,"202":0,"205":1,"206":0,"209":1,"210":0,"213":1,"214":0,"218":1,"219":0,"220":0,"224":1,"226":0,"227":0,"231":1,"268":1,"269":1,"270":1,"272":0,"273":0,"275":1,"276":1,"278":1,"304":1,"305":6,"306":6,"333":1,"334":63,"335":63,"336":0,"339":63,"362":1,"363":63,"364":63,"365":0,"386":1,"406":1,"407":0,"408":0,"427":1,"428":0,"429":0,"430":0,"431":0,"433":0,"434":0,"435":0,"437":0,"441":1,"445":1,"453":0,"455":0,"456":0,"460":1,"461":0,"462":0,"464":0,"465":0,"467":0,"468":0,"470":0,"471":0,"472":0,"475":0,"478":0,"480":1,"481":0,"482":0,"485":0,"486":0,"489":0,"490":0,"491":0,"495":1,"496":0,"497":0,"500":0,"502":0,"503":0,"506":0,"507":0,"512":1,"513":0,"514":0,"520":0,"521":0,"522":0,"523":0,"524":0,"526":0,"528":0,"529":0,"530":0,"531":0,"533":0,"538":0,"539":0,"540":0,"541":0,"542":0,"545":0,"551":1,"552":0,"553":0,"554":0,"555":0,"558":0,"561":0,"562":0,"563":0,"565":0,"566":0,"571":0,"573":0,"576":0,"577":0,"583":1,"584":0,"585":0,"587":0,"588":0,"590":0,"591":0,"592":0,"595":0,"596":0,"597":0,"598":0,"599":0,"600":0,"605":0,"608":0,"611":1,"612":0,"613":0,"614":0,"615":0,"616":0,"617":0,"620":0,"621":0,"624":0,"625":0,"626":0,"629":0,"632":0,"633":0,"636":0,"640":0,"644":0,"645":0,"648":0,"650":0,"651":0,"653":1,"654":0,"655":0,"656":0,"657":0,"662":1,"663":0,"664":0,"667":0,"669":0,"679":1,"681":0,"683":0,"686":0,"687":0,"692":0,"694":0,"695":0,"696":0,"697":0,"698":0,"699":0,"700":0,"701":0,"702":0,"703":0,"704":0,"705":0,"706":0,"712":0,"713":0,"716":0,"718":0,"719":0,"720":0,"721":0,"723":0,"726":0,"731":0,"732":0,"733":0,"734":0,"735":0,"737":0,"742":0,"744":0,"746":0,"747":0,"748":0,"750":0,"751":0,"752":0,"753":0,"754":0,"755":0,"758":0,"762":0,"763":0,"764":0,"766":0,"767":0,"768":0,"772":0,"774":0,"775":0,"779":0,"781":0,"783":0,"784":0,"785":0,"786":0,"788":0,"790":0,"796":0,"798":0,"800":0,"802":0,"805":0,"810":0,"811":0,"813":0,"814":0,"815":0,"818":0,"819":0,"822":0,"823":0,"824":0,"828":0,"831":0,"836":1,"851":1,"852":0,"870":1,"871":0,"872":0,"873":0,"881":1,"882":57,"883":57,"884":57,"885":0,"886":0,"887":0,"895":1,"896":0,"897":0,"904":1,"905":0,"906":0,"923":1,"924":0,"927":1,"928":0,"931":1,"932":0,"939":1,"941":0,"943":0,"944":0,"947":0,"948":0,"949":0,"952":0,"953":0,"956":0,"957":0,"958":0,"961":0,"962":0,"963":0,"965":0,"966":0,"969":0,"973":0,"974":0,"979":1,"980":0,"981":0,"984":0,"986":0,"988":0,"989":0,"990":0,"991":0,"994":0,"997":0,"998":0,"999":0,"1003":0,"1004":0,"1005":0,"1006":0,"1007":0,"1011":0,"1012":0,"1015":0,"1016":0,"1017":0,"1018":0,"1019":0,"1020":0,"1021":0,"1022":0,"1039":1,"1041":0,"1042":0,"1043":0,"1052":1,"1053":0,"1054":0,"1055":0,"1056":0,"1058":0,"1059":0,"1060":0,"1061":0,"1062":0,"1066":0,"1074":1,"1076":0,"1077":0,"1078":0,"1079":0,"1080":0,"1081":0,"1083":0,"1084":0,"1087":0,"1089":0,"1092":0,"1100":1,"1102":0,"1103":0,"1104":0,"1105":0,"1106":0,"1107":0,"1109":0,"1110":0,"1113":0,"1115":0,"1118":0,"1121":1,"1123":0,"1126":0,"1127":0,"1129":0,"1130":0,"1132":0,"1133":0,"1136":0,"1139":0,"1142":0,"1144":0,"1145":0,"1147":0,"1151":0,"1153":0,"1157":0,"1161":0,"1179":1,"1180":0,"1200":1,"1201":0,"1203":0,"1206":0,"1263":1,"1264":0,"1267":0,"1269":0,"1270":0,"1271":0,"1274":0,"1277":0,"1293":1,"1294":0,"1295":0,"1298":0,"1299":0,"1302":0,"1311":1,"1314":0,"1315":0,"1317":0,"1318":0,"1328":1,"1331":0,"1333":0,"1334":0,"1337":0,"1338":0,"1339":0,"1343":0,"1352":0,"1353":0,"1355":0,"1356":0,"1359":0,"1360":0,"1371":1,"1372":0,"1373":0,"1377":0,"1378":0,"1379":0,"1386":1,"1387":0,"1388":0,"1389":0,"1391":0,"1392":0,"1394":0,"1395":0,"1397":0,"1404":1,"1405":0,"1406":0,"1408":0,"1409":0,"1449":1,"1450":0,"1451":0,"1452":0,"1454":0,"1457":0,"1459":0,"1460":0,"1461":0,"1462":0,"1464":0,"1465":0,"1467":0,"1469":0,"1470":0,"1471":0,"1475":0,"1476":0,"1479":0,"1480":0,"1481":0,"1484":0,"1488":0,"1491":0,"1493":0,"1494":0,"1495":0,"1497":0,"1501":0,"1502":0,"1503":0,"1505":0,"1506":0,"1507":0,"1510":0,"1511":0,"1514":0,"1517":0,"1518":0,"1519":0,"1520":0,"1522":0,"1524":0,"1525":0,"1528":0,"1529":0,"1530":0,"1533":0,"1534":0,"1535":0,"1538":0,"1539":0,"1540":0,"1542":1,"1563":1,"1564":0,"1565":0,"1566":0,"1568":0,"1569":0,"1604":1,"1605":0,"1606":0,"1611":0,"1612":0,"1615":0,"1616":0,"1619":0,"1620":0,"1623":0,"1626":0,"1669":1,"1672":1,"1673":0,"1675":0,"1678":0,"1679":0,"1680":0,"1681":0,"1682":0,"1683":0,"1706":1,"1707":0,"1708":0,"1709":0,"1710":0,"1711":0,"1712":0,"1739":1,"1740":0,"1741":0,"1742":0,"1743":0,"1745":0,"1746":0,"1749":0,"1750":0,"1754":1,"1771":1,"1772":0,"1773":0,"1774":0,"1775":0,"1777":0,"1778":0,"1781":0,"1782":0,"1786":1,"1810":1,"1811":0,"1812":0,"1813":0,"1814":0,"1816":0,"1817":0,"1820":0,"1821":0,"1824":0,"1825":0,"1827":1,"1851":1,"1852":0,"1853":0,"1856":1,"1877":1,"1878":0,"1879":0,"1880":0,"1881":0,"1884":0,"1914":1,"1915":0,"1916":0,"1917":0,"1919":0,"1920":0,"1921":0,"1922":0,"1924":0,"1925":0,"1928":0,"1956":1,"1957":0,"1958":0,"1960":0,"1961":0,"1962":0,"1963":0,"1964":0,"1967":0,"1970":0,"1971":0,"1972":0,"1975":0,"1979":0,"1980":0,"1981":0,"1984":0,"1985":0,"1986":0,"2014":1,"2017":1,"2018":0,"2019":0,"2020":0,"2021":0,"2022":0,"2025":0,"2026":0,"2027":0,"2028":0,"2030":0,"2031":0,"2034":0,"2035":0,"2036":0,"2039":0,"2041":0,"2042":0,"2046":1,"2070":1,"2071":0,"2072":0,"2073":0,"2076":1,"2090":1,"2091":1,"2112":1,"2113":0,"2114":0,"2116":0,"2117":0,"2118":0,"2119":0,"2120":0,"2122":0,"2123":0,"2126":0,"2127":0,"2128":0,"2129":0,"2132":0,"2133":0,"2134":0,"2135":0,"2141":1,"2160":1,"2161":0,"2163":1,"2186":1,"2187":0,"2188":0,"2189":0,"2190":0,"2192":0,"2193":0,"2195":0,"2196":0,"2197":0,"2200":0,"2203":0,"2207":1,"2214":1,"2215":0,"2216":0,"2219":0,"2257":1,"2258":0,"2259":0,"2262":0,"2263":0,"2264":1,"2265":0,"2266":0,"2267":0,"2270":0,"2271":0,"2272":0,"2273":0,"2277":0,"2278":0,"2281":0,"2284":1,"2322":1,"2323":0,"2324":0,"2325":0,"2326":0,"2327":0,"2328":0,"2331":0,"2334":1,"2350":1,"2351":0,"2352":0,"2353":0,"2354":0,"2356":0,"2357":0,"2360":0,"2361":0,"2362":0,"2365":0,"2368":0,"2369":0,"2371":0,"2372":0,"2374":0,"2378":1,"2398":1,"2399":0,"2400":0,"2402":0,"2406":1,"2407":0,"2408":0,"2409":0,"2413":1,"2429":1,"2430":0,"2432":1,"2464":1,"2465":0,"2467":1,"2495":1,"2496":0,"2498":1,"2529":1,"2530":0,"2531":0,"2532":0,"2533":0,"2534":0,"2535":0,"2538":1,"2552":1,"2553":0,"2554":0,"2557":1,"2587":1,"2588":0,"2589":0,"2590":0,"2591":0,"2594":0,"2597":1,"2627":1,"2628":0,"2629":0,"2630":0,"2631":0,"2632":0,"2634":0,"2635":0,"2638":0,"2639":0,"2640":0,"2641":0,"2642":0,"2645":0,"2646":0,"2648":0,"2649":0,"2652":0,"2653":0,"2654":0,"2656":0,"2657":0,"2659":0,"2663":1,"2686":1,"2687":0,"2688":0,"2691":0,"2692":0,"2693":0,"2694":0,"2696":0,"2697":0,"2701":0,"2702":0,"2703":0,"2706":0,"2707":0,"2708":0,"2709":0,"2711":0,"2715":0,"2716":0,"2719":1,"2753":1,"2754":0,"2755":0,"2756":0,"2758":1,"2759":0,"2760":0,"2761":0,"2762":0,"2764":0,"2765":0,"2766":0,"2767":0,"2771":0,"2772":0,"2773":0,"2774":0,"2775":0,"2781":0,"2782":0,"2783":0,"2786":0,"2787":0,"2788":0,"2789":0,"2790":0,"2796":1,"2819":1,"2820":0,"2822":1,"2839":1,"2840":0,"2842":1,"2856":1,"2857":0,"2859":1,"2882":1,"2883":0,"2886":0,"2887":0,"2888":0,"2889":0,"2891":0,"2892":0,"2893":0,"2894":0,"2897":0,"2900":0,"2902":0,"2903":0,"2904":0,"2905":0,"2907":0,"2908":0,"2909":0,"2910":0,"2914":0,"2918":1,"2936":1,"2937":0,"2938":0,"2939":0,"2940":0,"2941":0,"2943":0,"2944":0,"2947":0,"2948":0,"2951":0,"2953":0,"2954":0,"2958":1,"2976":1,"2977":0,"2978":0,"2980":1,"2981":0,"2982":0,"2983":0,"2985":0,"2986":0,"2990":0,"2991":0,"2992":0,"2993":0,"2995":0,"2996":0,"2997":0,"2998":0,"3000":0,"3003":0,"3004":0,"3008":1,"3022":1,"3023":0,"3025":1,"3043":1,"3044":0,"3045":0,"3046":0,"3048":0,"3049":0,"3051":0,"3052":0,"3054":0,"3055":0,"3056":0,"3057":0,"3059":0,"3060":0,"3063":0,"3064":0,"3067":0,"3070":0,"3071":0,"3073":1,"3088":1,"3089":0,"3090":0,"3091":0,"3093":1,"3109":1,"3110":0,"3112":1,"3125":1,"3126":0,"3128":1,"3141":1,"3142":0,"3143":0,"3144":0,"3145":0,"3146":0,"3147":0,"3149":0,"3150":0,"3151":0,"3153":0,"3156":0,"3157":0,"3161":1,"3191":1,"3192":0,"3194":1,"3209":1,"3210":0,"3212":1,"3275":1,"3276":0,"3278":0,"3279":0,"3282":0,"3283":0,"3284":0,"3285":0,"3286":0,"3289":1,"3290":0,"3293":1,"3326":1,"3327":0,"3328":0,"3330":0,"3331":0,"3333":0,"3334":0,"3335":0,"3339":0,"3340":0,"3343":0,"3344":0,"3347":0,"3348":0,"3349":0,"3350":0,"3351":0,"3356":0,"3357":0,"3360":0,"3361":0,"3364":0,"3365":0,"3368":0,"3394":1,"3395":0,"3396":0,"3397":0,"3398":0,"3399":0,"3400":0,"3401":0,"3403":0,"3404":0,"3406":0,"3407":0,"3411":0,"3413":0,"3415":0,"3416":0,"3418":0,"3419":0,"3423":0,"3424":0,"3427":0,"3428":0,"3429":0,"3433":0,"3434":0,"3438":0,"3441":0,"3444":0,"3447":0,"3448":0,"3454":1,"3455":0,"3458":1,"3472":1,"3473":1,"3495":1,"3496":0,"3497":0,"3498":0,"3499":0,"3500":0,"3501":0,"3502":0,"3503":0,"3505":0,"3506":0,"3508":0,"3509":0,"3510":0,"3511":0,"3513":0,"3514":0,"3515":0,"3516":0,"3519":0,"3523":0,"3524":0,"3529":1,"3549":1,"3550":0,"3551":0,"3552":0,"3553":0,"3555":0,"3556":0,"3559":0,"3560":0,"3563":0,"3564":0,"3566":0,"3567":0,"3568":0,"3569":0,"3570":0,"3572":0,"3573":0,"3575":0,"3576":0,"3580":0,"3581":0,"3582":0,"3583":0,"3585":0,"3588":0,"3589":0,"3590":0,"3595":0,"3600":0,"3602":0,"3604":0,"3609":0,"3612":0,"3614":0,"3617":1,"3618":0,"3619":0,"3620":0,"3621":0,"3623":0,"3624":0,"3628":0,"3631":0,"3637":1,"3655":1,"3656":0,"3657":0,"3658":0,"3660":0,"3661":0,"3663":0,"3665":0,"3666":0,"3669":0,"3674":0,"3675":0,"3679":1,"3693":1,"3694":0,"3695":0,"3696":0,"3697":0,"3700":0,"3701":0,"3705":1,"3733":1,"3737":0,"3738":0,"3739":0,"3740":0,"3742":0,"3743":0,"3744":0,"3747":0,"3748":0,"3751":0,"3752":0,"3753":0,"3756":0,"3760":1,"3775":1,"3776":0,"3777":0,"3778":0,"3779":0,"3780":0,"3781":0,"3783":0,"3784":0,"3787":0,"3792":1,"3809":1,"3810":0,"3811":0,"3812":0,"3813":0,"3814":0,"3816":0,"3817":0,"3818":0,"3821":0,"3822":0,"3826":1,"3849":1,"3850":0,"3851":0,"3853":0,"3854":0,"3856":0,"3857":0,"3858":0,"3861":0,"3862":0,"3865":0,"3866":0,"3867":0,"3870":0,"3871":0,"3876":1,"3891":1,"3892":0,"3893":0,"3894":0,"3895":0,"3896":0,"3897":0,"3899":0,"3900":0,"3903":0,"3908":1,"3910":1,"3911":0,"3914":1,"3915":0,"3918":1,"3921":0,"3924":1,"3925":0,"3926":0,"3956":1,"3957":0,"3960":0,"3961":0,"3962":0,"3963":0,"3966":0,"3968":0,"3969":0,"3971":0,"3974":0,"3977":0,"3979":0,"3980":0,"3983":0,"3984":0,"3985":0,"3988":0,"3993":1,"3994":0,"3995":0,"3998":0,"4000":0,"4003":1,"4004":0,"4005":0,"4008":0,"4009":0,"4010":0,"4014":1,"4033":1,"4034":0,"4035":0,"4036":0,"4037":0,"4040":0,"4041":0,"4045":1,"4071":1,"4072":0,"4073":0,"4075":0,"4079":0,"4080":0,"4081":0,"4082":0,"4085":0,"4086":0,"4088":0,"4089":0,"4090":0,"4093":0,"4098":1,"4099":0,"4100":0,"4101":0,"4102":0,"4104":0,"4105":0,"4106":0,"4110":0,"4111":0,"4112":0,"4113":0,"4116":0,"4117":0,"4121":0,"4122":0,"4123":0,"4129":1,"4130":0,"4131":0,"4132":0,"4133":0,"4138":1,"4140":0,"4141":0,"4143":0,"4144":0,"4145":0,"4148":0,"4151":0,"4152":0,"4154":0,"4155":0,"4158":0,"4159":0,"4164":0,"4165":0,"4166":0,"4169":0,"4170":0,"4171":0,"4177":1,"4208":1,"4209":0,"4210":0,"4211":0,"4212":0,"4213":0,"4216":0,"4217":0,"4219":0,"4220":0,"4221":0,"4222":0,"4223":0,"4224":0,"4226":0,"4227":0,"4230":0,"4231":0,"4233":0,"4234":0,"4236":0,"4238":0,"4239":0,"4242":0,"4243":0,"4247":0,"4254":1,"4273":1,"4274":0,"4275":0,"4278":1,"4329":1,"4330":0,"4331":0,"4334":1,"4349":1,"4350":0,"4351":0,"4352":0,"4353":0,"4354":0,"4355":0,"4357":0,"4358":0,"4360":0,"4361":0,"4362":0,"4363":0,"4366":0,"4370":1,"4406":1,"4407":0,"4408":0,"4409":0,"4411":0,"4412":0,"4414":0,"4415":0,"4417":0,"4418":0,"4419":0,"4421":0,"4422":0,"4424":0,"4427":0,"4428":0,"4429":0,"4431":0,"4432":0,"4436":1,"4454":1,"4455":0,"4461":0,"4462":0,"4463":0,"4464":0,"4465":0,"4468":0,"4469":0,"4470":0,"4472":0,"4473":0,"4476":0,"4477":0,"4481":0,"4482":0,"4483":0,"4485":0,"4490":0,"4491":0,"4492":0,"4493":0,"4498":0,"4499":0,"4500":0,"4502":0,"4503":0,"4506":0,"4511":1,"4528":1,"4529":0,"4530":0,"4546":1,"4547":0,"4548":0,"4549":0,"4550":0,"4553":0,"4556":1,"4557":0,"4575":1,"4576":0,"4577":0,"4604":1,"4605":0,"4606":0,"4607":0,"4610":0,"4636":1,"4637":0,"4660":1,"4661":0,"4662":0,"4680":1,"4681":0,"4729":1,"4731":0,"4733":0,"4734":0,"4735":0,"4736":0,"4737":0,"4738":0,"4739":0,"4742":0,"4743":0,"4744":0,"4746":0,"4748":0,"4774":1,"4775":0,"4776":0,"4777":0,"4778":0,"4782":1,"4783":0,"4784":0,"4785":0,"4786":0,"4788":0,"4789":0,"4790":0,"4791":0,"4793":0,"4796":1,"4798":0,"4799":0,"4801":0,"4802":0,"4803":0,"4806":0,"4807":0,"4813":0,"4816":0,"4817":0,"4818":0,"4821":0,"4824":1,"4825":0,"4826":0,"4828":0,"4830":0,"4831":0,"4832":0,"4834":0,"4849":1,"4850":0,"4867":1,"4868":0}}}